[debug] [2021-09-21T12:41:28.834Z] ----------------------------------------------------------------------
[debug] [2021-09-21T12:41:28.836Z] Command:       /usr/local/bin/node /usr/local/bin/firebase emulators:start
[debug] [2021-09-21T12:41:28.836Z] CLI Version:   9.18.0
[debug] [2021-09-21T12:41:28.836Z] Platform:      darwin
[debug] [2021-09-21T12:41:28.836Z] Node Version:  v14.17.1
[debug] [2021-09-21T12:41:28.841Z] Time:          Tue Sep 21 2021 22:41:28 GMT+1000 (Australian Eastern Standard Time)
[debug] [2021-09-21T12:41:28.841Z] ----------------------------------------------------------------------
[debug] 
[debug] [2021-09-21T12:41:28.893Z] > command requires scopes: ["email","openid","https://www.googleapis.com/auth/cloudplatformprojects.readonly","https://www.googleapis.com/auth/firebase","https://www.googleapis.com/auth/cloud-platform"]
[debug] [2021-09-21T12:41:28.893Z] > authorizing via signed-in user (thomas.a.brettell@gmail.com)
[info] i  emulators: Starting emulators: functions, firestore, database {"metadata":{"emulator":{"name":"hub"},"message":"Starting emulators: functions, firestore, database"}}
[debug] [2021-09-21T12:41:28.913Z] [hub] writing locator at /var/folders/d9/s49t7j014hxfprxzqhtcx88m0000gn/T/hub-mindr-dev.json
[warn] ⚠  functions: The following emulators are not running, calls to these services from the Functions emulator will affect production: auth, hosting, pubsub, storage {"metadata":{"emulator":{"name":"functions"},"message":"The following emulators are not running, calls to these services from the Functions emulator will affect production: \u001b[1mauth, hosting, pubsub, storage\u001b[22m"}}
[info] ✔  functions: Using node@14 from host. {"metadata":{"emulator":{"name":"functions"},"message":"Using node@14 from host."}}
[debug] [2021-09-21T12:41:28.941Z] defaultcredentials: writing to file /Users/thomasbrettell/.config/firebase/thomas_a.brettell_gmail.com_application_default_credentials.json
[debug] [2021-09-21T12:41:28.954Z] Setting GAC to /Users/thomasbrettell/.config/firebase/thomas_a.brettell_gmail.com_application_default_credentials.json {"metadata":{"emulator":{"name":"functions"},"message":"Setting GAC to /Users/thomasbrettell/.config/firebase/thomas_a.brettell_gmail.com_application_default_credentials.json"}}
[debug] [2021-09-21T12:41:28.959Z] >>> [apiv2][query] GET https://firebase.googleapis.com/v1beta1/projects/mindr-dev/adminSdkConfig [none]
[debug] [2021-09-21T12:41:29.851Z] <<< [apiv2][status] GET https://firebase.googleapis.com/v1beta1/projects/mindr-dev/adminSdkConfig 200
[debug] [2021-09-21T12:41:29.852Z] <<< [apiv2][body] GET https://firebase.googleapis.com/v1beta1/projects/mindr-dev/adminSdkConfig {"projectId":"mindr-dev","databaseURL":"https://mindr-dev-default-rtdb.firebaseio.com","storageBucket":"mindr-dev.appspot.com","locationId":"us-central"}
[debug] [2021-09-21T12:41:29.880Z] Ignoring unsupported arg: projectId {"metadata":{"emulator":{"name":"firestore"},"message":"Ignoring unsupported arg: projectId"}}
[debug] [2021-09-21T12:41:29.880Z] Ignoring unsupported arg: auto_download {"metadata":{"emulator":{"name":"firestore"},"message":"Ignoring unsupported arg: auto_download"}}
[debug] [2021-09-21T12:41:29.880Z] Starting Firestore Emulator with command {"binary":"java","args":["-Dgoogle.cloud_firestore.debug_log_level=FINE","-Duser.language=en","-jar","/Users/thomasbrettell/.cache/firebase/emulators/cloud-firestore-emulator-v1.13.1.jar","--host","localhost","--port",8080,"--rules","/Users/thomasbrettell/Documents/Projects/mindr/firestore.rules","--functions_emulator","localhost:5001"],"optionalArgs":["port","webchannel_port","host","rules","functions_emulator","seed_from_export"],"joinArgs":false} {"metadata":{"emulator":{"name":"firestore"},"message":"Starting Firestore Emulator with command {\"binary\":\"java\",\"args\":[\"-Dgoogle.cloud_firestore.debug_log_level=FINE\",\"-Duser.language=en\",\"-jar\",\"/Users/thomasbrettell/.cache/firebase/emulators/cloud-firestore-emulator-v1.13.1.jar\",\"--host\",\"localhost\",\"--port\",8080,\"--rules\",\"/Users/thomasbrettell/Documents/Projects/mindr/firestore.rules\",\"--functions_emulator\",\"localhost:5001\"],\"optionalArgs\":[\"port\",\"webchannel_port\",\"host\",\"rules\",\"functions_emulator\",\"seed_from_export\"],\"joinArgs\":false}"}}
[info] i  firestore: Firestore Emulator logging to firestore-debug.log {"metadata":{"emulator":{"name":"firestore"},"message":"Firestore Emulator logging to \u001b[1mfirestore-debug.log\u001b[22m"}}
[debug] [2021-09-21T12:41:31.402Z] Sep 21, 2021 10:41:31 PM com.google.cloud.datastore.emulator.firestore.websocket.WebSocketServer start
INFO: Started WebSocket server on ws://localhost:63605
 {"metadata":{"emulator":{"name":"firestore"},"message":"Sep 21, 2021 10:41:31 PM com.google.cloud.datastore.emulator.firestore.websocket.WebSocketServer start\nINFO: Started WebSocket server on ws://localhost:63605\n"}}
[debug] [2021-09-21T12:41:31.473Z] API endpoint: http:// {"metadata":{"emulator":{"name":"firestore"},"message":"API endpoint: http://"}}
[debug] [2021-09-21T12:41:31.474Z] localhost:8080
If you are using a library that supports the FIRESTORE_EMULATOR_HOST environment variable, run:

   export FIRESTORE_EMULATOR_HOST=localhost:8080

Dev App Server is now running.

 {"metadata":{"emulator":{"name":"firestore"},"message":"localhost:8080\nIf you are using a library that supports the FIRESTORE_EMULATOR_HOST environment variable, run:\n\n   export FIRESTORE_EMULATOR_HOST=localhost:8080\n\nDev App Server is now running.\n\n"}}
[debug] [2021-09-21T12:41:31.682Z] >>> [apiv2][query] GET https://firebase.googleapis.com/v1beta1/projects/mindr-dev [none]
[debug] [2021-09-21T12:41:32.198Z] <<< [apiv2][status] GET https://firebase.googleapis.com/v1beta1/projects/mindr-dev 200
[debug] [2021-09-21T12:41:32.198Z] <<< [apiv2][body] GET https://firebase.googleapis.com/v1beta1/projects/mindr-dev {"projectId":"mindr-dev","projectNumber":"692087620559","displayName":"mindr-dev","name":"projects/mindr-dev","resources":{"hostingSite":"mindr-dev","realtimeDatabaseInstance":"mindr-dev-default-rtdb","storageBucket":"mindr-dev.appspot.com","locationId":"us-central"},"state":"ACTIVE"}
[debug] [2021-09-21T12:41:32.199Z] database rules config:  []
[warn] ⚠  database: Did not find a Realtime Database rules file specified in a firebase.json config file. The emulator will default to allowing all reads and writes. Learn more about this option: https://firebase.google.com/docs/emulator-suite/install_and_configure#security_rules_configuration. {"metadata":{"emulator":{"name":"database"},"message":"Did not find a Realtime Database rules file specified in a firebase.json config file. The emulator will default to allowing all reads and writes. Learn more about this option: https://firebase.google.com/docs/emulator-suite/install_and_configure#security_rules_configuration."}}
[debug] [2021-09-21T12:41:32.199Z] Ignoring unsupported arg: projectId {"metadata":{"emulator":{"name":"database"},"message":"Ignoring unsupported arg: projectId"}}
[debug] [2021-09-21T12:41:32.199Z] Ignoring unsupported arg: auto_download {"metadata":{"emulator":{"name":"database"},"message":"Ignoring unsupported arg: auto_download"}}
[debug] [2021-09-21T12:41:32.200Z] Ignoring unsupported arg: rules {"metadata":{"emulator":{"name":"database"},"message":"Ignoring unsupported arg: rules"}}
[debug] [2021-09-21T12:41:32.200Z] Starting Database Emulator with command {"binary":"java","args":["-Duser.language=en","-jar","/Users/thomasbrettell/.cache/firebase/emulators/firebase-database-emulator-v4.7.2.jar","--host","localhost","--port",9000,"--functions_emulator_host","localhost","--functions_emulator_port",5001],"optionalArgs":["port","host","functions_emulator_port","functions_emulator_host"],"joinArgs":false} {"metadata":{"emulator":{"name":"database"},"message":"Starting Database Emulator with command {\"binary\":\"java\",\"args\":[\"-Duser.language=en\",\"-jar\",\"/Users/thomasbrettell/.cache/firebase/emulators/firebase-database-emulator-v4.7.2.jar\",\"--host\",\"localhost\",\"--port\",9000,\"--functions_emulator_host\",\"localhost\",\"--functions_emulator_port\",5001],\"optionalArgs\":[\"port\",\"host\",\"functions_emulator_port\",\"functions_emulator_host\"],\"joinArgs\":false}"}}
[info] i  database: Database Emulator logging to database-debug.log {"metadata":{"emulator":{"name":"database"},"message":"Database Emulator logging to \u001b[1mdatabase-debug.log\u001b[22m"}}
[debug] [2021-09-21T12:41:34.720Z] 22:41:34.713 [NamespaceSystem-akka.actor.default-dispatcher-5] INFO akka.event.slf4j.Slf4jLogger - Slf4jLogger started
 {"metadata":{"emulator":{"name":"database"},"message":"22:41:34.713 [NamespaceSystem-akka.actor.default-dispatcher-5] INFO akka.event.slf4j.Slf4jLogger - Slf4jLogger started\n"}}
[debug] [2021-09-21T12:41:35.059Z] 22:41:35.059 [main] INFO com.firebase.server.forge.App$ - Listening at localhost:9000
 {"metadata":{"emulator":{"name":"database"},"message":"22:41:35.059 [main] INFO com.firebase.server.forge.App$ - Listening at localhost:9000\n"}}
[debug] [2021-09-21T12:41:35.317Z] Ignoring unsupported arg: auto_download {"metadata":{"emulator":{"name":"ui"},"message":"Ignoring unsupported arg: auto_download"}}
[debug] [2021-09-21T12:41:35.317Z] Ignoring unsupported arg: port {"metadata":{"emulator":{"name":"ui"},"message":"Ignoring unsupported arg: port"}}
[debug] [2021-09-21T12:41:35.317Z] Starting Emulator UI with command {"binary":"node","args":["/Users/thomasbrettell/.cache/firebase/emulators/ui-v1.6.3/server.bundle.js"],"optionalArgs":[],"joinArgs":false} {"metadata":{"emulator":{"name":"ui"},"message":"Starting Emulator UI with command {\"binary\":\"node\",\"args\":[\"/Users/thomasbrettell/.cache/firebase/emulators/ui-v1.6.3/server.bundle.js\"],\"optionalArgs\":[],\"joinArgs\":false}"}}
[info] i  ui: Emulator UI logging to ui-debug.log {"metadata":{"emulator":{"name":"ui"},"message":"Emulator UI logging to \u001b[1mui-debug.log\u001b[22m"}}
[debug] [2021-09-21T12:41:35.422Z] Web / API server started at localhost:4000
 {"metadata":{"emulator":{"name":"ui"},"message":"Web / API server started at localhost:4000\n"}}
[info] i  functions: Watching "/Users/thomasbrettell/Documents/Projects/mindr/functions" for Cloud Functions... {"metadata":{"emulator":{"name":"functions"},"message":"Watching \"/Users/thomasbrettell/Documents/Projects/mindr/functions\" for Cloud Functions..."}}
[debug] [2021-09-21T12:41:35.610Z] [worker-pool] addWorker(~diagnostic~) {"metadata":{"emulator":{"name":"functions"},"message":"[worker-pool] addWorker(~diagnostic~)"}}
[debug] [2021-09-21T12:41:35.611Z] [worker-pool] Adding worker with key ~diagnostic~, total=1 {"metadata":{"emulator":{"name":"functions"},"message":"[worker-pool] Adding worker with key ~diagnostic~, total=1"}}
[debug] [2021-09-21T12:41:35.611Z] [worker-pool] submitWork(triggerId=) {"metadata":{"emulator":{"name":"functions"},"message":"[worker-pool] submitWork(triggerId=)"}}
[debug] [2021-09-21T12:41:35.611Z] [worker-~diagnostic~-a3719160-fda3-4ebd-a0a9-4344c9507920]: Assigning socketPath: /var/folders/d9/s49t7j014hxfprxzqhtcx88m0000gn/T/fire_emu_46461.sock {"metadata":{"emulator":{"name":"functions"},"message":"[worker-~diagnostic~-a3719160-fda3-4ebd-a0a9-4344c9507920]: Assigning socketPath: /var/folders/d9/s49t7j014hxfprxzqhtcx88m0000gn/T/fire_emu_46461.sock"}}
[debug] [2021-09-21T12:41:35.612Z] [worker-~diagnostic~-a3719160-fda3-4ebd-a0a9-4344c9507920]: BUSY {"metadata":{"emulator":{"name":"functions"},"message":"[worker-~diagnostic~-a3719160-fda3-4ebd-a0a9-4344c9507920]: BUSY"}}
[debug] [2021-09-21T12:41:35.883Z] [runtime-status] [46461] Functions runtime initialized. {"cwd":"/Users/thomasbrettell/Documents/Projects/mindr/functions","node_version":"14.17.1"} {"metadata":{"emulator":{"name":"functions"},"message":"[runtime-status] [46461] Functions runtime initialized. {\"cwd\":\"/Users/thomasbrettell/Documents/Projects/mindr/functions\",\"node_version\":\"14.17.1\"}"}}
[debug] [2021-09-21T12:41:35.885Z] [runtime-status] [46461] Disabled runtime features: undefined {"metadata":{"emulator":{"name":"functions"},"message":"[runtime-status] [46461] Disabled runtime features: undefined"}}
[debug] [2021-09-21T12:41:35.887Z] [runtime-status] [46461] Resolved module firebase-admin {"declared":true,"installed":true,"version":"9.11.1","resolution":"/Users/thomasbrettell/Documents/Projects/mindr/functions/node_modules/firebase-admin/lib/index.js"} {"metadata":{"emulator":{"name":"functions"},"message":"[runtime-status] [46461] Resolved module firebase-admin {\"declared\":true,\"installed\":true,\"version\":\"9.11.1\",\"resolution\":\"/Users/thomasbrettell/Documents/Projects/mindr/functions/node_modules/firebase-admin/lib/index.js\"}"}}
[debug] [2021-09-21T12:41:35.890Z] [runtime-status] [46461] Resolved module firebase-functions {"declared":true,"installed":true,"version":"3.15.5","resolution":"/Users/thomasbrettell/Documents/Projects/mindr/functions/node_modules/firebase-functions/lib/index.js"} {"metadata":{"emulator":{"name":"functions"},"message":"[runtime-status] [46461] Resolved module firebase-functions {\"declared\":true,\"installed\":true,\"version\":\"3.15.5\",\"resolution\":\"/Users/thomasbrettell/Documents/Projects/mindr/functions/node_modules/firebase-functions/lib/index.js\"}"}}
[debug] [2021-09-21T12:41:35.893Z] [runtime-status] [46461] Resolved module firebase-functions {"declared":true,"installed":true,"version":"3.15.5","resolution":"/Users/thomasbrettell/Documents/Projects/mindr/functions/node_modules/firebase-functions/lib/index.js"} {"metadata":{"emulator":{"name":"functions"},"message":"[runtime-status] [46461] Resolved module firebase-functions {\"declared\":true,\"installed\":true,\"version\":\"3.15.5\",\"resolution\":\"/Users/thomasbrettell/Documents/Projects/mindr/functions/node_modules/firebase-functions/lib/index.js\"}"}}
[debug] [2021-09-21T12:41:35.894Z] [runtime-status] [46461] Outgoing network have been stubbed. [{"name":"http","status":"mocked"},{"name":"http","status":"mocked"},{"name":"https","status":"mocked"},{"name":"https","status":"mocked"},{"name":"net","status":"mocked"}] {"metadata":{"emulator":{"name":"functions"},"message":"[runtime-status] [46461] Outgoing network have been stubbed. [{\"name\":\"http\",\"status\":\"mocked\"},{\"name\":\"http\",\"status\":\"mocked\"},{\"name\":\"https\",\"status\":\"mocked\"},{\"name\":\"https\",\"status\":\"mocked\"},{\"name\":\"net\",\"status\":\"mocked\"}]"}}
[debug] [2021-09-21T12:41:35.895Z] [runtime-status] [46461] Resolved module firebase-functions {"declared":true,"installed":true,"version":"3.15.5","resolution":"/Users/thomasbrettell/Documents/Projects/mindr/functions/node_modules/firebase-functions/lib/index.js"} {"metadata":{"emulator":{"name":"functions"},"message":"[runtime-status] [46461] Resolved module firebase-functions {\"declared\":true,\"installed\":true,\"version\":\"3.15.5\",\"resolution\":\"/Users/thomasbrettell/Documents/Projects/mindr/functions/node_modules/firebase-functions/lib/index.js\"}"}}
[debug] [2021-09-21T12:41:35.929Z] [runtime-status] [46461] Checked functions.config() {"config":{}} {"metadata":{"emulator":{"name":"functions"},"message":"[runtime-status] [46461] Checked functions.config() {\"config\":{}}"}}
[debug] [2021-09-21T12:41:35.929Z] [runtime-status] [46461] firebase-functions has been stubbed. {"functionsResolution":{"declared":true,"installed":true,"version":"3.15.5","resolution":"/Users/thomasbrettell/Documents/Projects/mindr/functions/node_modules/firebase-functions/lib/index.js"}} {"metadata":{"emulator":{"name":"functions"},"message":"[runtime-status] [46461] firebase-functions has been stubbed. {\"functionsResolution\":{\"declared\":true,\"installed\":true,\"version\":\"3.15.5\",\"resolution\":\"/Users/thomasbrettell/Documents/Projects/mindr/functions/node_modules/firebase-functions/lib/index.js\"}}"}}
[debug] [2021-09-21T12:41:35.930Z] [runtime-status] [46461] Resolved module firebase-functions {"declared":true,"installed":true,"version":"3.15.5","resolution":"/Users/thomasbrettell/Documents/Projects/mindr/functions/node_modules/firebase-functions/lib/index.js"} {"metadata":{"emulator":{"name":"functions"},"message":"[runtime-status] [46461] Resolved module firebase-functions {\"declared\":true,\"installed\":true,\"version\":\"3.15.5\",\"resolution\":\"/Users/thomasbrettell/Documents/Projects/mindr/functions/node_modules/firebase-functions/lib/index.js\"}"}}
[debug] [2021-09-21T12:41:35.930Z] [runtime-status] [46461] Resolved module firebase-admin {"declared":true,"installed":true,"version":"9.11.1","resolution":"/Users/thomasbrettell/Documents/Projects/mindr/functions/node_modules/firebase-admin/lib/index.js"} {"metadata":{"emulator":{"name":"functions"},"message":"[runtime-status] [46461] Resolved module firebase-admin {\"declared\":true,\"installed\":true,\"version\":\"9.11.1\",\"resolution\":\"/Users/thomasbrettell/Documents/Projects/mindr/functions/node_modules/firebase-admin/lib/index.js\"}"}}
[debug] [2021-09-21T12:41:35.930Z] [runtime-status] [46461] Resolved module firebase-functions {"declared":true,"installed":true,"version":"3.15.5","resolution":"/Users/thomasbrettell/Documents/Projects/mindr/functions/node_modules/firebase-functions/lib/index.js"} {"metadata":{"emulator":{"name":"functions"},"message":"[runtime-status] [46461] Resolved module firebase-functions {\"declared\":true,\"installed\":true,\"version\":\"3.15.5\",\"resolution\":\"/Users/thomasbrettell/Documents/Projects/mindr/functions/node_modules/firebase-functions/lib/index.js\"}"}}
[debug] [2021-09-21T12:41:35.930Z] [runtime-status] [46461] firebase-admin has been stubbed. {"adminResolution":{"declared":true,"installed":true,"version":"9.11.1","resolution":"/Users/thomasbrettell/Documents/Projects/mindr/functions/node_modules/firebase-admin/lib/index.js"}} {"metadata":{"emulator":{"name":"functions"},"message":"[runtime-status] [46461] firebase-admin has been stubbed. {\"adminResolution\":{\"declared\":true,\"installed\":true,\"version\":\"9.11.1\",\"resolution\":\"/Users/thomasbrettell/Documents/Projects/mindr/functions/node_modules/firebase-admin/lib/index.js\"}}"}}
[debug] [2021-09-21T12:41:35.932Z] [runtime-status] [46461] initializeApp(DEFAULT) {"storageBucket":"mindr-dev.appspot.com","databaseURL":"http://localhost:9000/?ns=mindr-dev-default-rtdb","projectId":"mindr-dev"} {"metadata":{"emulator":{"name":"functions"},"message":"[runtime-status] [46461] initializeApp(DEFAULT) {\"storageBucket\":\"mindr-dev.appspot.com\",\"databaseURL\":\"http://localhost:9000/?ns=mindr-dev-default-rtdb\",\"projectId\":\"mindr-dev\"}"}}
[info] ✔  functions[us-central1-createRoom]: http function initialized (http://localhost:5001/mindr-dev/us-central1/createRoom). {"metadata":{"emulator":{"name":"functions"},"message":"\u001b[1mhttp\u001b[22m function initialized (http://localhost:5001/mindr-dev/us-central1/createRoom)."}}
[info] ✔  functions[us-central1-joinRoom]: http function initialized (http://localhost:5001/mindr-dev/us-central1/joinRoom). {"metadata":{"emulator":{"name":"functions"},"message":"\u001b[1mhttp\u001b[22m function initialized (http://localhost:5001/mindr-dev/us-central1/joinRoom)."}}
[info] 
┌─────────────────────────────────────────────────────────────┐
│ ✔  All emulators ready! It is now safe to connect your app. │
│ i  View Emulator UI at http://localhost:4000                │
└─────────────────────────────────────────────────────────────┘

┌───────────┬────────────────┬─────────────────────────────────┐
│ Emulator  │ Host:Port      │ View in Emulator UI             │
├───────────┼────────────────┼─────────────────────────────────┤
│ Functions │ localhost:5001 │ http://localhost:4000/functions │
├───────────┼────────────────┼─────────────────────────────────┤
│ Firestore │ localhost:8080 │ http://localhost:4000/firestore │
├───────────┼────────────────┼─────────────────────────────────┤
│ Database  │ localhost:9000 │ http://localhost:4000/database  │
└───────────┴────────────────┴─────────────────────────────────┘
  Emulator Hub running at localhost:4400
  Other reserved ports: 4500

Issues? Report them at https://github.com/firebase/firebase-tools/issues and attach the *-debug.log files.
 
[debug] [2021-09-21T12:41:35.939Z] [worker-~diagnostic~-a3719160-fda3-4ebd-a0a9-4344c9507920]: IDLE {"metadata":{"emulator":{"name":"functions"},"message":"[worker-~diagnostic~-a3719160-fda3-4ebd-a0a9-4344c9507920]: IDLE"}}
[debug] [2021-09-21T12:41:47.662Z] [work-queue] {"queueLength":1,"workRunningCount":0}
[debug] [2021-09-21T12:41:47.663Z] [work-queue] {"queueLength":0,"workRunningCount":1}
[debug] [2021-09-21T12:41:47.664Z] Accepted request OPTIONS /mindr-dev/us-central1/createRoom --> us-central1-createRoom
[debug] [2021-09-21T12:41:47.682Z] [worker-pool] addWorker(us-central1-createRoom) {"metadata":{"emulator":{"name":"functions"},"message":"[worker-pool] addWorker(us-central1-createRoom)"}}
[debug] [2021-09-21T12:41:47.684Z] [worker-pool] Adding worker with key us-central1-createRoom, total=1 {"metadata":{"emulator":{"name":"functions"},"message":"[worker-pool] Adding worker with key us-central1-createRoom, total=1"}}
[debug] [2021-09-21T12:41:47.684Z] [worker-pool] submitWork(triggerId=us-central1-createRoom) {"metadata":{"emulator":{"name":"functions"},"message":"[worker-pool] submitWork(triggerId=us-central1-createRoom)"}}
[debug] [2021-09-21T12:41:47.685Z] [worker-us-central1-createRoom-cdcaadc5-d034-47ba-b1ce-88ad14b8b90a]: Assigning socketPath: /var/folders/d9/s49t7j014hxfprxzqhtcx88m0000gn/T/fire_emu_46464.sock {"metadata":{"emulator":{"name":"functions"},"message":"[worker-us-central1-createRoom-cdcaadc5-d034-47ba-b1ce-88ad14b8b90a]: Assigning socketPath: /var/folders/d9/s49t7j014hxfprxzqhtcx88m0000gn/T/fire_emu_46464.sock"}}
[debug] [2021-09-21T12:41:47.685Z] [worker-us-central1-createRoom-cdcaadc5-d034-47ba-b1ce-88ad14b8b90a]: BUSY {"metadata":{"emulator":{"name":"functions"},"message":"[worker-us-central1-createRoom-cdcaadc5-d034-47ba-b1ce-88ad14b8b90a]: BUSY"}}
[debug] [2021-09-21T12:41:47.940Z] [runtime-status] [46464] Functions runtime initialized. {"cwd":"/Users/thomasbrettell/Documents/Projects/mindr/functions","node_version":"14.17.1"} {"metadata":{"emulator":{"name":"functions"},"function":{"name":"us-central1-createRoom"},"message":"[runtime-status] [46464] Functions runtime initialized. {\"cwd\":\"/Users/thomasbrettell/Documents/Projects/mindr/functions\",\"node_version\":\"14.17.1\"}"}}
[debug] [2021-09-21T12:41:47.942Z] [runtime-status] [46464] Disabled runtime features: undefined {"metadata":{"emulator":{"name":"functions"},"function":{"name":"us-central1-createRoom"},"message":"[runtime-status] [46464] Disabled runtime features: undefined"}}
[debug] [2021-09-21T12:41:47.944Z] [runtime-status] [46464] Resolved module firebase-admin {"declared":true,"installed":true,"version":"9.11.1","resolution":"/Users/thomasbrettell/Documents/Projects/mindr/functions/node_modules/firebase-admin/lib/index.js"} {"metadata":{"emulator":{"name":"functions"},"function":{"name":"us-central1-createRoom"},"message":"[runtime-status] [46464] Resolved module firebase-admin {\"declared\":true,\"installed\":true,\"version\":\"9.11.1\",\"resolution\":\"/Users/thomasbrettell/Documents/Projects/mindr/functions/node_modules/firebase-admin/lib/index.js\"}"}}
[debug] [2021-09-21T12:41:47.947Z] [runtime-status] [46464] Resolved module firebase-functions {"declared":true,"installed":true,"version":"3.15.5","resolution":"/Users/thomasbrettell/Documents/Projects/mindr/functions/node_modules/firebase-functions/lib/index.js"} {"metadata":{"emulator":{"name":"functions"},"function":{"name":"us-central1-createRoom"},"message":"[runtime-status] [46464] Resolved module firebase-functions {\"declared\":true,\"installed\":true,\"version\":\"3.15.5\",\"resolution\":\"/Users/thomasbrettell/Documents/Projects/mindr/functions/node_modules/firebase-functions/lib/index.js\"}"}}
[debug] [2021-09-21T12:41:47.950Z] [runtime-status] [46464] Resolved module firebase-functions {"declared":true,"installed":true,"version":"3.15.5","resolution":"/Users/thomasbrettell/Documents/Projects/mindr/functions/node_modules/firebase-functions/lib/index.js"} {"metadata":{"emulator":{"name":"functions"},"function":{"name":"us-central1-createRoom"},"message":"[runtime-status] [46464] Resolved module firebase-functions {\"declared\":true,\"installed\":true,\"version\":\"3.15.5\",\"resolution\":\"/Users/thomasbrettell/Documents/Projects/mindr/functions/node_modules/firebase-functions/lib/index.js\"}"}}
[debug] [2021-09-21T12:41:47.951Z] [runtime-status] [46464] Outgoing network have been stubbed. [{"name":"http","status":"mocked"},{"name":"http","status":"mocked"},{"name":"https","status":"mocked"},{"name":"https","status":"mocked"},{"name":"net","status":"mocked"}] {"metadata":{"emulator":{"name":"functions"},"function":{"name":"us-central1-createRoom"},"message":"[runtime-status] [46464] Outgoing network have been stubbed. [{\"name\":\"http\",\"status\":\"mocked\"},{\"name\":\"http\",\"status\":\"mocked\"},{\"name\":\"https\",\"status\":\"mocked\"},{\"name\":\"https\",\"status\":\"mocked\"},{\"name\":\"net\",\"status\":\"mocked\"}]"}}
[debug] [2021-09-21T12:41:47.952Z] [runtime-status] [46464] Resolved module firebase-functions {"declared":true,"installed":true,"version":"3.15.5","resolution":"/Users/thomasbrettell/Documents/Projects/mindr/functions/node_modules/firebase-functions/lib/index.js"} {"metadata":{"emulator":{"name":"functions"},"function":{"name":"us-central1-createRoom"},"message":"[runtime-status] [46464] Resolved module firebase-functions {\"declared\":true,\"installed\":true,\"version\":\"3.15.5\",\"resolution\":\"/Users/thomasbrettell/Documents/Projects/mindr/functions/node_modules/firebase-functions/lib/index.js\"}"}}
[debug] [2021-09-21T12:41:47.980Z] [runtime-status] [46464] Checked functions.config() {"config":{}} {"metadata":{"emulator":{"name":"functions"},"function":{"name":"us-central1-createRoom"},"message":"[runtime-status] [46464] Checked functions.config() {\"config\":{}}"}}
[debug] [2021-09-21T12:41:47.980Z] [runtime-status] [46464] firebase-functions has been stubbed. {"functionsResolution":{"declared":true,"installed":true,"version":"3.15.5","resolution":"/Users/thomasbrettell/Documents/Projects/mindr/functions/node_modules/firebase-functions/lib/index.js"}} {"metadata":{"emulator":{"name":"functions"},"function":{"name":"us-central1-createRoom"},"message":"[runtime-status] [46464] firebase-functions has been stubbed. {\"functionsResolution\":{\"declared\":true,\"installed\":true,\"version\":\"3.15.5\",\"resolution\":\"/Users/thomasbrettell/Documents/Projects/mindr/functions/node_modules/firebase-functions/lib/index.js\"}}"}}
[debug] [2021-09-21T12:41:47.981Z] [runtime-status] [46464] Resolved module firebase-functions {"declared":true,"installed":true,"version":"3.15.5","resolution":"/Users/thomasbrettell/Documents/Projects/mindr/functions/node_modules/firebase-functions/lib/index.js"} {"metadata":{"emulator":{"name":"functions"},"function":{"name":"us-central1-createRoom"},"message":"[runtime-status] [46464] Resolved module firebase-functions {\"declared\":true,\"installed\":true,\"version\":\"3.15.5\",\"resolution\":\"/Users/thomasbrettell/Documents/Projects/mindr/functions/node_modules/firebase-functions/lib/index.js\"}"}}
[debug] [2021-09-21T12:41:47.981Z] [runtime-status] [46464] Resolved module firebase-admin {"declared":true,"installed":true,"version":"9.11.1","resolution":"/Users/thomasbrettell/Documents/Projects/mindr/functions/node_modules/firebase-admin/lib/index.js"} {"metadata":{"emulator":{"name":"functions"},"function":{"name":"us-central1-createRoom"},"message":"[runtime-status] [46464] Resolved module firebase-admin {\"declared\":true,\"installed\":true,\"version\":\"9.11.1\",\"resolution\":\"/Users/thomasbrettell/Documents/Projects/mindr/functions/node_modules/firebase-admin/lib/index.js\"}"}}
[debug] [2021-09-21T12:41:47.981Z] [runtime-status] [46464] Resolved module firebase-functions {"declared":true,"installed":true,"version":"3.15.5","resolution":"/Users/thomasbrettell/Documents/Projects/mindr/functions/node_modules/firebase-functions/lib/index.js"} {"metadata":{"emulator":{"name":"functions"},"function":{"name":"us-central1-createRoom"},"message":"[runtime-status] [46464] Resolved module firebase-functions {\"declared\":true,\"installed\":true,\"version\":\"3.15.5\",\"resolution\":\"/Users/thomasbrettell/Documents/Projects/mindr/functions/node_modules/firebase-functions/lib/index.js\"}"}}
[debug] [2021-09-21T12:41:47.981Z] [runtime-status] [46464] firebase-admin has been stubbed. {"adminResolution":{"declared":true,"installed":true,"version":"9.11.1","resolution":"/Users/thomasbrettell/Documents/Projects/mindr/functions/node_modules/firebase-admin/lib/index.js"}} {"metadata":{"emulator":{"name":"functions"},"function":{"name":"us-central1-createRoom"},"message":"[runtime-status] [46464] firebase-admin has been stubbed. {\"adminResolution\":{\"declared\":true,\"installed\":true,\"version\":\"9.11.1\",\"resolution\":\"/Users/thomasbrettell/Documents/Projects/mindr/functions/node_modules/firebase-admin/lib/index.js\"}}"}}
[debug] [2021-09-21T12:41:47.983Z] [runtime-status] [46464] initializeApp(DEFAULT) {"storageBucket":"mindr-dev.appspot.com","databaseURL":"http://localhost:9000/?ns=mindr-dev-default-rtdb","projectId":"mindr-dev"} {"metadata":{"emulator":{"name":"functions"},"function":{"name":"us-central1-createRoom"},"message":"[runtime-status] [46464] initializeApp(DEFAULT) {\"storageBucket\":\"mindr-dev.appspot.com\",\"databaseURL\":\"http://localhost:9000/?ns=mindr-dev-default-rtdb\",\"projectId\":\"mindr-dev\"}"}}
[debug] [2021-09-21T12:41:47.984Z] [runtime-status] [46464] Trigger "us-central1-createRoom" has been found, beginning invocation! {"metadata":{"emulator":{"name":"functions"},"function":{"name":"us-central1-createRoom"},"message":"[runtime-status] [46464] Trigger \"us-central1-createRoom\" has been found, beginning invocation!"}}
[info] i  functions: Beginning execution of "us-central1-createRoom" {"metadata":{"emulator":{"name":"functions"},"function":{"name":"us-central1-createRoom"},"message":"Beginning execution of \"us-central1-createRoom\""}}
[debug] [2021-09-21T12:41:47.984Z] [runtime-status] [46464] triggerDefinition {"labels":{"deployment-callable":"true"},"httpsTrigger":{},"name":"createRoom","entryPoint":"createRoom","regions":["us-central1"],"region":"us-central1","id":"us-central1-createRoom"} {"metadata":{"emulator":{"name":"functions"},"function":{"name":"us-central1-createRoom"},"message":"[runtime-status] [46464] triggerDefinition {\"labels\":{\"deployment-callable\":\"true\"},\"httpsTrigger\":{},\"name\":\"createRoom\",\"entryPoint\":\"createRoom\",\"regions\":[\"us-central1\"],\"region\":\"us-central1\",\"id\":\"us-central1-createRoom\"}"}}
[debug] [2021-09-21T12:41:47.984Z] [runtime-status] [46464] Running us-central1-createRoom in mode HTTPS {"metadata":{"emulator":{"name":"functions"},"function":{"name":"us-central1-createRoom"},"message":"[runtime-status] [46464] Running us-central1-createRoom in mode HTTPS"}}
[debug] [2021-09-21T12:41:47.994Z] [runtime-status] [46464] Attempting to listen to socketPath: /var/folders/d9/s49t7j014hxfprxzqhtcx88m0000gn/T/fire_emu_46464.sock {"metadata":{"emulator":{"name":"functions"},"function":{"name":"us-central1-createRoom"},"message":"[runtime-status] [46464] Attempting to listen to socketPath: /var/folders/d9/s49t7j014hxfprxzqhtcx88m0000gn/T/fire_emu_46464.sock"}}
[debug] [2021-09-21T12:41:47.996Z] [functions] Runtime ready! Sending request! {"metadata":{"emulator":{"name":"functions"},"message":"[functions] Runtime ready! Sending request!"}}
[debug] [2021-09-21T12:41:47.996Z] [functions] Got req.url=/mindr-dev/us-central1/createRoom, mapping to path=/ {"metadata":{"emulator":{"name":"functions"},"message":"[functions] Got req.url=/mindr-dev/us-central1/createRoom, mapping to path=/"}}
[debug] [2021-09-21T12:41:48.001Z] [runtime-status] [46464] Ephemeral server handling OPTIONS request {"metadata":{"emulator":{"name":"functions"},"function":{"name":"us-central1-createRoom"},"message":"[runtime-status] [46464] Ephemeral server handling OPTIONS request"}}
[debug] [2021-09-21T12:41:48.004Z] [runtime-status] [46464] Ephemeral server survived. {"metadata":{"emulator":{"name":"functions"},"function":{"name":"us-central1-createRoom"},"message":"[runtime-status] [46464] Ephemeral server survived."}}
[debug] [2021-09-21T12:41:48.006Z] [work-queue] {"queueLength":1,"workRunningCount":1}
[debug] [2021-09-21T12:41:48.006Z] [work-queue] {"queueLength":0,"workRunningCount":2}
[debug] [2021-09-21T12:41:48.006Z] Accepted request POST /mindr-dev/us-central1/createRoom --> us-central1-createRoom
[debug] [2021-09-21T12:41:48.018Z] [worker-pool] addWorker(us-central1-createRoom) {"metadata":{"emulator":{"name":"functions"},"message":"[worker-pool] addWorker(us-central1-createRoom)"}}
[debug] [2021-09-21T12:41:48.019Z] [worker-pool] Adding worker with key us-central1-createRoom, total=2 {"metadata":{"emulator":{"name":"functions"},"message":"[worker-pool] Adding worker with key us-central1-createRoom, total=2"}}
[debug] [2021-09-21T12:41:48.019Z] [worker-pool] submitWork(triggerId=us-central1-createRoom) {"metadata":{"emulator":{"name":"functions"},"message":"[worker-pool] submitWork(triggerId=us-central1-createRoom)"}}
[debug] [2021-09-21T12:41:48.019Z] [worker-us-central1-createRoom-693cee8b-7e64-46a4-850c-00bd20b160e6]: Assigning socketPath: /var/folders/d9/s49t7j014hxfprxzqhtcx88m0000gn/T/fire_emu_46465.sock {"metadata":{"emulator":{"name":"functions"},"message":"[worker-us-central1-createRoom-693cee8b-7e64-46a4-850c-00bd20b160e6]: Assigning socketPath: /var/folders/d9/s49t7j014hxfprxzqhtcx88m0000gn/T/fire_emu_46465.sock"}}
[debug] [2021-09-21T12:41:48.019Z] [worker-us-central1-createRoom-693cee8b-7e64-46a4-850c-00bd20b160e6]: BUSY {"metadata":{"emulator":{"name":"functions"},"message":"[worker-us-central1-createRoom-693cee8b-7e64-46a4-850c-00bd20b160e6]: BUSY"}}
[info] i  functions: Finished "us-central1-createRoom" in ~1s {"metadata":{"emulator":{"name":"functions"},"function":{"name":"us-central1-createRoom"},"message":"Finished \"us-central1-createRoom\" in ~1s"}}
[debug] [2021-09-21T12:41:48.020Z] [worker-us-central1-createRoom-cdcaadc5-d034-47ba-b1ce-88ad14b8b90a]: IDLE {"metadata":{"emulator":{"name":"functions"},"message":"[worker-us-central1-createRoom-cdcaadc5-d034-47ba-b1ce-88ad14b8b90a]: IDLE"}}
[debug] [2021-09-21T12:41:48.020Z] [work-queue] {"queueLength":0,"workRunningCount":1}
[debug] [2021-09-21T12:41:48.197Z] [runtime-status] [46465] Functions runtime initialized. {"cwd":"/Users/thomasbrettell/Documents/Projects/mindr/functions","node_version":"14.17.1"} {"metadata":{"emulator":{"name":"functions"},"function":{"name":"us-central1-createRoom"},"message":"[runtime-status] [46465] Functions runtime initialized. {\"cwd\":\"/Users/thomasbrettell/Documents/Projects/mindr/functions\",\"node_version\":\"14.17.1\"}"}}
[debug] [2021-09-21T12:41:48.199Z] [runtime-status] [46465] Disabled runtime features: undefined {"metadata":{"emulator":{"name":"functions"},"function":{"name":"us-central1-createRoom"},"message":"[runtime-status] [46465] Disabled runtime features: undefined"}}
[debug] [2021-09-21T12:41:48.201Z] [runtime-status] [46465] Resolved module firebase-admin {"declared":true,"installed":true,"version":"9.11.1","resolution":"/Users/thomasbrettell/Documents/Projects/mindr/functions/node_modules/firebase-admin/lib/index.js"} {"metadata":{"emulator":{"name":"functions"},"function":{"name":"us-central1-createRoom"},"message":"[runtime-status] [46465] Resolved module firebase-admin {\"declared\":true,\"installed\":true,\"version\":\"9.11.1\",\"resolution\":\"/Users/thomasbrettell/Documents/Projects/mindr/functions/node_modules/firebase-admin/lib/index.js\"}"}}
[debug] [2021-09-21T12:41:48.203Z] [runtime-status] [46465] Resolved module firebase-functions {"declared":true,"installed":true,"version":"3.15.5","resolution":"/Users/thomasbrettell/Documents/Projects/mindr/functions/node_modules/firebase-functions/lib/index.js"} {"metadata":{"emulator":{"name":"functions"},"function":{"name":"us-central1-createRoom"},"message":"[runtime-status] [46465] Resolved module firebase-functions {\"declared\":true,\"installed\":true,\"version\":\"3.15.5\",\"resolution\":\"/Users/thomasbrettell/Documents/Projects/mindr/functions/node_modules/firebase-functions/lib/index.js\"}"}}
[debug] [2021-09-21T12:41:48.206Z] [runtime-status] [46465] Resolved module firebase-functions {"declared":true,"installed":true,"version":"3.15.5","resolution":"/Users/thomasbrettell/Documents/Projects/mindr/functions/node_modules/firebase-functions/lib/index.js"} {"metadata":{"emulator":{"name":"functions"},"function":{"name":"us-central1-createRoom"},"message":"[runtime-status] [46465] Resolved module firebase-functions {\"declared\":true,\"installed\":true,\"version\":\"3.15.5\",\"resolution\":\"/Users/thomasbrettell/Documents/Projects/mindr/functions/node_modules/firebase-functions/lib/index.js\"}"}}
[debug] [2021-09-21T12:41:48.207Z] [runtime-status] [46465] Outgoing network have been stubbed. [{"name":"http","status":"mocked"},{"name":"http","status":"mocked"},{"name":"https","status":"mocked"},{"name":"https","status":"mocked"},{"name":"net","status":"mocked"}] {"metadata":{"emulator":{"name":"functions"},"function":{"name":"us-central1-createRoom"},"message":"[runtime-status] [46465] Outgoing network have been stubbed. [{\"name\":\"http\",\"status\":\"mocked\"},{\"name\":\"http\",\"status\":\"mocked\"},{\"name\":\"https\",\"status\":\"mocked\"},{\"name\":\"https\",\"status\":\"mocked\"},{\"name\":\"net\",\"status\":\"mocked\"}]"}}
[debug] [2021-09-21T12:41:48.208Z] [runtime-status] [46465] Resolved module firebase-functions {"declared":true,"installed":true,"version":"3.15.5","resolution":"/Users/thomasbrettell/Documents/Projects/mindr/functions/node_modules/firebase-functions/lib/index.js"} {"metadata":{"emulator":{"name":"functions"},"function":{"name":"us-central1-createRoom"},"message":"[runtime-status] [46465] Resolved module firebase-functions {\"declared\":true,\"installed\":true,\"version\":\"3.15.5\",\"resolution\":\"/Users/thomasbrettell/Documents/Projects/mindr/functions/node_modules/firebase-functions/lib/index.js\"}"}}
[debug] [2021-09-21T12:41:48.237Z] [runtime-status] [46465] Checked functions.config() {"config":{}} {"metadata":{"emulator":{"name":"functions"},"function":{"name":"us-central1-createRoom"},"message":"[runtime-status] [46465] Checked functions.config() {\"config\":{}}"}}
[debug] [2021-09-21T12:41:48.237Z] [runtime-status] [46465] firebase-functions has been stubbed. {"functionsResolution":{"declared":true,"installed":true,"version":"3.15.5","resolution":"/Users/thomasbrettell/Documents/Projects/mindr/functions/node_modules/firebase-functions/lib/index.js"}} {"metadata":{"emulator":{"name":"functions"},"function":{"name":"us-central1-createRoom"},"message":"[runtime-status] [46465] firebase-functions has been stubbed. {\"functionsResolution\":{\"declared\":true,\"installed\":true,\"version\":\"3.15.5\",\"resolution\":\"/Users/thomasbrettell/Documents/Projects/mindr/functions/node_modules/firebase-functions/lib/index.js\"}}"}}
[debug] [2021-09-21T12:41:48.238Z] [runtime-status] [46465] Resolved module firebase-functions {"declared":true,"installed":true,"version":"3.15.5","resolution":"/Users/thomasbrettell/Documents/Projects/mindr/functions/node_modules/firebase-functions/lib/index.js"} {"metadata":{"emulator":{"name":"functions"},"function":{"name":"us-central1-createRoom"},"message":"[runtime-status] [46465] Resolved module firebase-functions {\"declared\":true,\"installed\":true,\"version\":\"3.15.5\",\"resolution\":\"/Users/thomasbrettell/Documents/Projects/mindr/functions/node_modules/firebase-functions/lib/index.js\"}"}}
[debug] [2021-09-21T12:41:48.238Z] [runtime-status] [46465] Resolved module firebase-admin {"declared":true,"installed":true,"version":"9.11.1","resolution":"/Users/thomasbrettell/Documents/Projects/mindr/functions/node_modules/firebase-admin/lib/index.js"} {"metadata":{"emulator":{"name":"functions"},"function":{"name":"us-central1-createRoom"},"message":"[runtime-status] [46465] Resolved module firebase-admin {\"declared\":true,\"installed\":true,\"version\":\"9.11.1\",\"resolution\":\"/Users/thomasbrettell/Documents/Projects/mindr/functions/node_modules/firebase-admin/lib/index.js\"}"}}
[debug] [2021-09-21T12:41:48.238Z] [runtime-status] [46465] Resolved module firebase-functions {"declared":true,"installed":true,"version":"3.15.5","resolution":"/Users/thomasbrettell/Documents/Projects/mindr/functions/node_modules/firebase-functions/lib/index.js"} {"metadata":{"emulator":{"name":"functions"},"function":{"name":"us-central1-createRoom"},"message":"[runtime-status] [46465] Resolved module firebase-functions {\"declared\":true,\"installed\":true,\"version\":\"3.15.5\",\"resolution\":\"/Users/thomasbrettell/Documents/Projects/mindr/functions/node_modules/firebase-functions/lib/index.js\"}"}}
[debug] [2021-09-21T12:41:48.239Z] [runtime-status] [46465] firebase-admin has been stubbed. {"adminResolution":{"declared":true,"installed":true,"version":"9.11.1","resolution":"/Users/thomasbrettell/Documents/Projects/mindr/functions/node_modules/firebase-admin/lib/index.js"}} {"metadata":{"emulator":{"name":"functions"},"function":{"name":"us-central1-createRoom"},"message":"[runtime-status] [46465] firebase-admin has been stubbed. {\"adminResolution\":{\"declared\":true,\"installed\":true,\"version\":\"9.11.1\",\"resolution\":\"/Users/thomasbrettell/Documents/Projects/mindr/functions/node_modules/firebase-admin/lib/index.js\"}}"}}
[debug] [2021-09-21T12:41:48.239Z] [runtime-status] [46465] initializeApp(DEFAULT) {"storageBucket":"mindr-dev.appspot.com","databaseURL":"http://localhost:9000/?ns=mindr-dev-default-rtdb","projectId":"mindr-dev"} {"metadata":{"emulator":{"name":"functions"},"function":{"name":"us-central1-createRoom"},"message":"[runtime-status] [46465] initializeApp(DEFAULT) {\"storageBucket\":\"mindr-dev.appspot.com\",\"databaseURL\":\"http://localhost:9000/?ns=mindr-dev-default-rtdb\",\"projectId\":\"mindr-dev\"}"}}
[debug] [2021-09-21T12:41:48.240Z] [runtime-status] [46465] Trigger "us-central1-createRoom" has been found, beginning invocation! {"metadata":{"emulator":{"name":"functions"},"function":{"name":"us-central1-createRoom"},"message":"[runtime-status] [46465] Trigger \"us-central1-createRoom\" has been found, beginning invocation!"}}
[info] i  functions: Beginning execution of "us-central1-createRoom" {"metadata":{"emulator":{"name":"functions"},"function":{"name":"us-central1-createRoom"},"message":"Beginning execution of \"us-central1-createRoom\""}}
[debug] [2021-09-21T12:41:48.240Z] [runtime-status] [46465] triggerDefinition {"labels":{"deployment-callable":"true"},"httpsTrigger":{},"name":"createRoom","entryPoint":"createRoom","regions":["us-central1"],"region":"us-central1","id":"us-central1-createRoom"} {"metadata":{"emulator":{"name":"functions"},"function":{"name":"us-central1-createRoom"},"message":"[runtime-status] [46465] triggerDefinition {\"labels\":{\"deployment-callable\":\"true\"},\"httpsTrigger\":{},\"name\":\"createRoom\",\"entryPoint\":\"createRoom\",\"regions\":[\"us-central1\"],\"region\":\"us-central1\",\"id\":\"us-central1-createRoom\"}"}}
[debug] [2021-09-21T12:41:48.240Z] [runtime-status] [46465] Running us-central1-createRoom in mode HTTPS {"metadata":{"emulator":{"name":"functions"},"function":{"name":"us-central1-createRoom"},"message":"[runtime-status] [46465] Running us-central1-createRoom in mode HTTPS"}}
[debug] [2021-09-21T12:41:48.246Z] [runtime-status] [46465] Attempting to listen to socketPath: /var/folders/d9/s49t7j014hxfprxzqhtcx88m0000gn/T/fire_emu_46465.sock {"metadata":{"emulator":{"name":"functions"},"function":{"name":"us-central1-createRoom"},"message":"[runtime-status] [46465] Attempting to listen to socketPath: /var/folders/d9/s49t7j014hxfprxzqhtcx88m0000gn/T/fire_emu_46465.sock"}}
[debug] [2021-09-21T12:41:48.247Z] [functions] Runtime ready! Sending request! {"metadata":{"emulator":{"name":"functions"},"message":"[functions] Runtime ready! Sending request!"}}
[debug] [2021-09-21T12:41:48.248Z] [functions] Got req.url=/mindr-dev/us-central1/createRoom, mapping to path=/ {"metadata":{"emulator":{"name":"functions"},"message":"[functions] Got req.url=/mindr-dev/us-central1/createRoom, mapping to path=/"}}
[debug] [2021-09-21T12:41:48.263Z] [runtime-status] [46465] Ephemeral server handling POST request {"metadata":{"emulator":{"name":"functions"},"function":{"name":"us-central1-createRoom"},"message":"[runtime-status] [46465] Ephemeral server handling POST request"}}
[info] >  {"verifications":{"app":"MISSING","auth":"MISSING"},"logging.googleapis.com/labels":{"firebase-log-type":"callable-request-verification"},"severity":"INFO","message":"Callable request verification passed"} {"user":{"verifications":{"app":"MISSING","auth":"MISSING"},"logging.googleapis.com/labels":{"firebase-log-type":"callable-request-verification"},"severity":"INFO","message":"Callable request verification passed"},"metadata":{"emulator":{"name":"functions"},"function":{"name":"us-central1-createRoom"},"message":"\u001b[90m> \u001b[39m {\"verifications\":{\"app\":\"MISSING\",\"auth\":\"MISSING\"},\"logging.googleapis.com/labels\":{\"firebase-log-type\":\"callable-request-verification\"},\"severity\":\"INFO\",\"message\":\"Callable request verification passed\"}"}}
[debug] [2021-09-21T12:41:48.265Z] [runtime-status] [46465] No callable functions auth found {"metadata":{"emulator":{"name":"functions"},"function":{"name":"us-central1-createRoom"},"message":"[runtime-status] [46465] No callable functions auth found"}}
[debug] [2021-09-21T12:41:48.606Z] [runtime-status] [46465] Ephemeral server survived. {"metadata":{"emulator":{"name":"functions"},"function":{"name":"us-central1-createRoom"},"message":"[runtime-status] [46465] Ephemeral server survived."}}
[info] i  functions: Finished "us-central1-createRoom" in ~1s {"metadata":{"emulator":{"name":"functions"},"function":{"name":"us-central1-createRoom"},"message":"Finished \"us-central1-createRoom\" in ~1s"}}
[debug] [2021-09-21T12:41:48.608Z] [worker-us-central1-createRoom-693cee8b-7e64-46a4-850c-00bd20b160e6]: IDLE {"metadata":{"emulator":{"name":"functions"},"message":"[worker-us-central1-createRoom-693cee8b-7e64-46a4-850c-00bd20b160e6]: IDLE"}}
[debug] [2021-09-21T12:41:48.608Z] [work-queue] {"queueLength":0,"workRunningCount":0}
[debug] [2021-09-21T12:52:12.484Z] [work-queue] {"queueLength":1,"workRunningCount":0}
[debug] [2021-09-21T12:52:12.487Z] [work-queue] {"queueLength":0,"workRunningCount":1}
[debug] [2021-09-21T12:52:12.487Z] Accepted request OPTIONS /mindr-dev/us-central1/createRoom --> us-central1-createRoom
[debug] [2021-09-21T12:52:12.488Z] [worker-pool] submitWork(triggerId=us-central1-createRoom) {"metadata":{"emulator":{"name":"functions"},"message":"[worker-pool] submitWork(triggerId=us-central1-createRoom)"}}
[debug] [2021-09-21T12:52:12.489Z] [worker-us-central1-createRoom-cdcaadc5-d034-47ba-b1ce-88ad14b8b90a]: Assigning socketPath: /var/folders/d9/s49t7j014hxfprxzqhtcx88m0000gn/T/fire_emu_46464.sock {"metadata":{"emulator":{"name":"functions"},"message":"[worker-us-central1-createRoom-cdcaadc5-d034-47ba-b1ce-88ad14b8b90a]: Assigning socketPath: /var/folders/d9/s49t7j014hxfprxzqhtcx88m0000gn/T/fire_emu_46464.sock"}}
[debug] [2021-09-21T12:52:12.489Z] [worker-us-central1-createRoom-cdcaadc5-d034-47ba-b1ce-88ad14b8b90a]: BUSY {"metadata":{"emulator":{"name":"functions"},"message":"[worker-us-central1-createRoom-cdcaadc5-d034-47ba-b1ce-88ad14b8b90a]: BUSY"}}
[debug] [2021-09-21T12:52:12.494Z] [runtime-status] [46464] Trigger "us-central1-createRoom" has been found, beginning invocation! {"metadata":{"emulator":{"name":"functions"},"function":{"name":"us-central1-createRoom"},"message":"[runtime-status] [46464] Trigger \"us-central1-createRoom\" has been found, beginning invocation!"}}
[info] i  functions: Beginning execution of "us-central1-createRoom" {"metadata":{"emulator":{"name":"functions"},"function":{"name":"us-central1-createRoom"},"message":"Beginning execution of \"us-central1-createRoom\""}}
[debug] [2021-09-21T12:52:12.497Z] [runtime-status] [46464] triggerDefinition {"labels":{"deployment-callable":"true"},"httpsTrigger":{},"name":"createRoom","entryPoint":"createRoom","regions":["us-central1"],"region":"us-central1","id":"us-central1-createRoom"} {"metadata":{"emulator":{"name":"functions"},"function":{"name":"us-central1-createRoom"},"message":"[runtime-status] [46464] triggerDefinition {\"labels\":{\"deployment-callable\":\"true\"},\"httpsTrigger\":{},\"name\":\"createRoom\",\"entryPoint\":\"createRoom\",\"regions\":[\"us-central1\"],\"region\":\"us-central1\",\"id\":\"us-central1-createRoom\"}"}}
[debug] [2021-09-21T12:52:12.497Z] [runtime-status] [46464] Running us-central1-createRoom in mode HTTPS {"metadata":{"emulator":{"name":"functions"},"function":{"name":"us-central1-createRoom"},"message":"[runtime-status] [46464] Running us-central1-createRoom in mode HTTPS"}}
[debug] [2021-09-21T12:52:12.500Z] [runtime-status] [46464] Attempting to listen to socketPath: /var/folders/d9/s49t7j014hxfprxzqhtcx88m0000gn/T/fire_emu_46464.sock {"metadata":{"emulator":{"name":"functions"},"function":{"name":"us-central1-createRoom"},"message":"[runtime-status] [46464] Attempting to listen to socketPath: /var/folders/d9/s49t7j014hxfprxzqhtcx88m0000gn/T/fire_emu_46464.sock"}}
[debug] [2021-09-21T12:52:12.503Z] [functions] Runtime ready! Sending request! {"metadata":{"emulator":{"name":"functions"},"message":"[functions] Runtime ready! Sending request!"}}
[debug] [2021-09-21T12:52:12.507Z] [functions] Got req.url=/mindr-dev/us-central1/createRoom, mapping to path=/ {"metadata":{"emulator":{"name":"functions"},"message":"[functions] Got req.url=/mindr-dev/us-central1/createRoom, mapping to path=/"}}
[debug] [2021-09-21T12:52:12.511Z] [runtime-status] [46464] Ephemeral server handling OPTIONS request {"metadata":{"emulator":{"name":"functions"},"function":{"name":"us-central1-createRoom"},"message":"[runtime-status] [46464] Ephemeral server handling OPTIONS request"}}
[debug] [2021-09-21T12:52:12.514Z] [runtime-status] [46464] Ephemeral server survived. {"metadata":{"emulator":{"name":"functions"},"function":{"name":"us-central1-createRoom"},"message":"[runtime-status] [46464] Ephemeral server survived."}}
[info] i  functions: Finished "us-central1-createRoom" in ~1s {"metadata":{"emulator":{"name":"functions"},"function":{"name":"us-central1-createRoom"},"message":"Finished \"us-central1-createRoom\" in ~1s"}}
[debug] [2021-09-21T12:52:12.515Z] [worker-us-central1-createRoom-cdcaadc5-d034-47ba-b1ce-88ad14b8b90a]: IDLE {"metadata":{"emulator":{"name":"functions"},"message":"[worker-us-central1-createRoom-cdcaadc5-d034-47ba-b1ce-88ad14b8b90a]: IDLE"}}
[debug] [2021-09-21T12:52:12.515Z] [work-queue] {"queueLength":0,"workRunningCount":0}
[debug] [2021-09-21T12:52:12.516Z] [work-queue] {"queueLength":1,"workRunningCount":0}
[debug] [2021-09-21T12:52:12.516Z] [work-queue] {"queueLength":0,"workRunningCount":1}
[debug] [2021-09-21T12:52:12.517Z] Accepted request POST /mindr-dev/us-central1/createRoom --> us-central1-createRoom
[debug] [2021-09-21T12:52:12.517Z] [worker-pool] submitWork(triggerId=us-central1-createRoom) {"metadata":{"emulator":{"name":"functions"},"message":"[worker-pool] submitWork(triggerId=us-central1-createRoom)"}}
[debug] [2021-09-21T12:52:12.517Z] [worker-us-central1-createRoom-cdcaadc5-d034-47ba-b1ce-88ad14b8b90a]: Assigning socketPath: /var/folders/d9/s49t7j014hxfprxzqhtcx88m0000gn/T/fire_emu_46464.sock {"metadata":{"emulator":{"name":"functions"},"message":"[worker-us-central1-createRoom-cdcaadc5-d034-47ba-b1ce-88ad14b8b90a]: Assigning socketPath: /var/folders/d9/s49t7j014hxfprxzqhtcx88m0000gn/T/fire_emu_46464.sock"}}
[debug] [2021-09-21T12:52:12.517Z] [worker-us-central1-createRoom-cdcaadc5-d034-47ba-b1ce-88ad14b8b90a]: BUSY {"metadata":{"emulator":{"name":"functions"},"message":"[worker-us-central1-createRoom-cdcaadc5-d034-47ba-b1ce-88ad14b8b90a]: BUSY"}}
[debug] [2021-09-21T12:52:12.527Z] [runtime-status] [46464] Trigger "us-central1-createRoom" has been found, beginning invocation! {"metadata":{"emulator":{"name":"functions"},"function":{"name":"us-central1-createRoom"},"message":"[runtime-status] [46464] Trigger \"us-central1-createRoom\" has been found, beginning invocation!"}}
[info] i  functions: Beginning execution of "us-central1-createRoom" {"metadata":{"emulator":{"name":"functions"},"function":{"name":"us-central1-createRoom"},"message":"Beginning execution of \"us-central1-createRoom\""}}
[debug] [2021-09-21T12:52:12.527Z] [runtime-status] [46464] triggerDefinition {"labels":{"deployment-callable":"true"},"httpsTrigger":{},"name":"createRoom","entryPoint":"createRoom","regions":["us-central1"],"region":"us-central1","id":"us-central1-createRoom"} {"metadata":{"emulator":{"name":"functions"},"function":{"name":"us-central1-createRoom"},"message":"[runtime-status] [46464] triggerDefinition {\"labels\":{\"deployment-callable\":\"true\"},\"httpsTrigger\":{},\"name\":\"createRoom\",\"entryPoint\":\"createRoom\",\"regions\":[\"us-central1\"],\"region\":\"us-central1\",\"id\":\"us-central1-createRoom\"}"}}
[debug] [2021-09-21T12:52:12.531Z] [runtime-status] [46464] Running us-central1-createRoom in mode HTTPS {"metadata":{"emulator":{"name":"functions"},"function":{"name":"us-central1-createRoom"},"message":"[runtime-status] [46464] Running us-central1-createRoom in mode HTTPS"}}
[debug] [2021-09-21T12:52:12.531Z] [runtime-status] [46464] Attempting to listen to socketPath: /var/folders/d9/s49t7j014hxfprxzqhtcx88m0000gn/T/fire_emu_46464.sock {"metadata":{"emulator":{"name":"functions"},"function":{"name":"us-central1-createRoom"},"message":"[runtime-status] [46464] Attempting to listen to socketPath: /var/folders/d9/s49t7j014hxfprxzqhtcx88m0000gn/T/fire_emu_46464.sock"}}
[debug] [2021-09-21T12:52:12.532Z] [functions] Runtime ready! Sending request! {"metadata":{"emulator":{"name":"functions"},"message":"[functions] Runtime ready! Sending request!"}}
[debug] [2021-09-21T12:52:12.532Z] [functions] Got req.url=/mindr-dev/us-central1/createRoom, mapping to path=/ {"metadata":{"emulator":{"name":"functions"},"message":"[functions] Got req.url=/mindr-dev/us-central1/createRoom, mapping to path=/"}}
[debug] [2021-09-21T12:52:12.560Z] [runtime-status] [46464] Ephemeral server handling POST request {"metadata":{"emulator":{"name":"functions"},"function":{"name":"us-central1-createRoom"},"message":"[runtime-status] [46464] Ephemeral server handling POST request"}}
[info] >  {"verifications":{"app":"MISSING","auth":"MISSING"},"logging.googleapis.com/labels":{"firebase-log-type":"callable-request-verification"},"severity":"INFO","message":"Callable request verification passed"} {"user":{"verifications":{"app":"MISSING","auth":"MISSING"},"logging.googleapis.com/labels":{"firebase-log-type":"callable-request-verification"},"severity":"INFO","message":"Callable request verification passed"},"metadata":{"emulator":{"name":"functions"},"function":{"name":"us-central1-createRoom"},"message":"\u001b[90m> \u001b[39m {\"verifications\":{\"app\":\"MISSING\",\"auth\":\"MISSING\"},\"logging.googleapis.com/labels\":{\"firebase-log-type\":\"callable-request-verification\"},\"severity\":\"INFO\",\"message\":\"Callable request verification passed\"}"}}
[debug] [2021-09-21T12:52:12.563Z] [runtime-status] [46464] No callable functions auth found {"metadata":{"emulator":{"name":"functions"},"function":{"name":"us-central1-createRoom"},"message":"[runtime-status] [46464] No callable functions auth found"}}
[debug] [2021-09-21T12:52:12.723Z] [runtime-status] [46464] Ephemeral server survived. {"metadata":{"emulator":{"name":"functions"},"function":{"name":"us-central1-createRoom"},"message":"[runtime-status] [46464] Ephemeral server survived."}}
[info] i  functions: Finished "us-central1-createRoom" in ~1s {"metadata":{"emulator":{"name":"functions"},"function":{"name":"us-central1-createRoom"},"message":"Finished \"us-central1-createRoom\" in ~1s"}}
[debug] [2021-09-21T12:52:12.724Z] [worker-us-central1-createRoom-cdcaadc5-d034-47ba-b1ce-88ad14b8b90a]: IDLE {"metadata":{"emulator":{"name":"functions"},"message":"[worker-us-central1-createRoom-cdcaadc5-d034-47ba-b1ce-88ad14b8b90a]: IDLE"}}
[debug] [2021-09-21T12:52:12.724Z] [work-queue] {"queueLength":0,"workRunningCount":0}
[debug] [2021-09-21T13:01:34.958Z] Sep 21, 2021 11:01:34 PM io.gapi.emulators.netty.HttpVersionRoutingHandler channelRead
INFO: Detected non-HTTP/2 connection.
 {"metadata":{"emulator":{"name":"firestore"},"message":"Sep 21, 2021 11:01:34 PM io.gapi.emulators.netty.HttpVersionRoutingHandler channelRead\nINFO: Detected non-HTTP/2 connection.\n"}}
[debug] [2021-09-21T13:01:35.041Z] Sep 21, 2021 11:01:35 PM com.google.cloud.datastore.emulator.firestore.websocket.WebSocketChannelHandler initChannel
INFO: Connected to new websocket client
 {"metadata":{"emulator":{"name":"firestore"},"message":"Sep 21, 2021 11:01:35 PM com.google.cloud.datastore.emulator.firestore.websocket.WebSocketChannelHandler initChannel\nINFO: Connected to new websocket client\n"}}
[debug] [2021-09-21T13:01:37.066Z] Sep 21, 2021 11:01:37 PM io.gapi.emulators.netty.HttpVersionRoutingHandler channelRead
INFO: Detected non-HTTP/2 connection.
 {"metadata":{"emulator":{"name":"firestore"},"message":"Sep 21, 2021 11:01:37 PM io.gapi.emulators.netty.HttpVersionRoutingHandler channelRead\nINFO: Detected non-HTTP/2 connection.\n"}}
[debug] [2021-09-21T13:01:39.134Z] Sep 21, 2021 11:01:39 PM io.gapi.emulators.netty.HttpVersionRoutingHandler channelRead
INFO: Detected non-HTTP/2 connection.
 {"metadata":{"emulator":{"name":"firestore"},"message":"Sep 21, 2021 11:01:39 PM io.gapi.emulators.netty.HttpVersionRoutingHandler channelRead\nINFO: Detected non-HTTP/2 connection.\n"}}
[debug] [2021-09-21T13:01:41.197Z] Sep 21, 2021 11:01:41 PM io.gapi.emulators.netty.HttpVersionRoutingHandler channelRead
INFO: Detected non-HTTP/2 connection.
 {"metadata":{"emulator":{"name":"firestore"},"message":"Sep 21, 2021 11:01:41 PM io.gapi.emulators.netty.HttpVersionRoutingHandler channelRead\nINFO: Detected non-HTTP/2 connection.\n"}}
[debug] [2021-09-21T13:01:44.733Z] [work-queue] {"queueLength":1,"workRunningCount":0}
[debug] [2021-09-21T13:01:44.734Z] [work-queue] {"queueLength":0,"workRunningCount":1}
[debug] [2021-09-21T13:01:44.734Z] Accepted request OPTIONS /mindr-dev/us-central1/createRoom --> us-central1-createRoom
[debug] [2021-09-21T13:01:44.734Z] [worker-pool] submitWork(triggerId=us-central1-createRoom) {"metadata":{"emulator":{"name":"functions"},"message":"[worker-pool] submitWork(triggerId=us-central1-createRoom)"}}
[debug] [2021-09-21T13:01:44.739Z] [worker-us-central1-createRoom-cdcaadc5-d034-47ba-b1ce-88ad14b8b90a]: Assigning socketPath: /var/folders/d9/s49t7j014hxfprxzqhtcx88m0000gn/T/fire_emu_46464.sock {"metadata":{"emulator":{"name":"functions"},"message":"[worker-us-central1-createRoom-cdcaadc5-d034-47ba-b1ce-88ad14b8b90a]: Assigning socketPath: /var/folders/d9/s49t7j014hxfprxzqhtcx88m0000gn/T/fire_emu_46464.sock"}}
[debug] [2021-09-21T13:01:44.739Z] [worker-us-central1-createRoom-cdcaadc5-d034-47ba-b1ce-88ad14b8b90a]: BUSY {"metadata":{"emulator":{"name":"functions"},"message":"[worker-us-central1-createRoom-cdcaadc5-d034-47ba-b1ce-88ad14b8b90a]: BUSY"}}
[debug] [2021-09-21T13:01:44.741Z] [runtime-status] [46464] Trigger "us-central1-createRoom" has been found, beginning invocation! {"metadata":{"emulator":{"name":"functions"},"function":{"name":"us-central1-createRoom"},"message":"[runtime-status] [46464] Trigger \"us-central1-createRoom\" has been found, beginning invocation!"}}
[info] i  functions: Beginning execution of "us-central1-createRoom" {"metadata":{"emulator":{"name":"functions"},"function":{"name":"us-central1-createRoom"},"message":"Beginning execution of \"us-central1-createRoom\""}}
[debug] [2021-09-21T13:01:44.743Z] [runtime-status] [46464] triggerDefinition {"labels":{"deployment-callable":"true"},"httpsTrigger":{},"name":"createRoom","entryPoint":"createRoom","regions":["us-central1"],"region":"us-central1","id":"us-central1-createRoom"} {"metadata":{"emulator":{"name":"functions"},"function":{"name":"us-central1-createRoom"},"message":"[runtime-status] [46464] triggerDefinition {\"labels\":{\"deployment-callable\":\"true\"},\"httpsTrigger\":{},\"name\":\"createRoom\",\"entryPoint\":\"createRoom\",\"regions\":[\"us-central1\"],\"region\":\"us-central1\",\"id\":\"us-central1-createRoom\"}"}}
[debug] [2021-09-21T13:01:44.743Z] [runtime-status] [46464] Running us-central1-createRoom in mode HTTPS {"metadata":{"emulator":{"name":"functions"},"function":{"name":"us-central1-createRoom"},"message":"[runtime-status] [46464] Running us-central1-createRoom in mode HTTPS"}}
[debug] [2021-09-21T13:01:44.745Z] [runtime-status] [46464] Attempting to listen to socketPath: /var/folders/d9/s49t7j014hxfprxzqhtcx88m0000gn/T/fire_emu_46464.sock {"metadata":{"emulator":{"name":"functions"},"function":{"name":"us-central1-createRoom"},"message":"[runtime-status] [46464] Attempting to listen to socketPath: /var/folders/d9/s49t7j014hxfprxzqhtcx88m0000gn/T/fire_emu_46464.sock"}}
[debug] [2021-09-21T13:01:44.747Z] [functions] Runtime ready! Sending request! {"metadata":{"emulator":{"name":"functions"},"message":"[functions] Runtime ready! Sending request!"}}
[debug] [2021-09-21T13:01:44.748Z] [functions] Got req.url=/mindr-dev/us-central1/createRoom, mapping to path=/ {"metadata":{"emulator":{"name":"functions"},"message":"[functions] Got req.url=/mindr-dev/us-central1/createRoom, mapping to path=/"}}
[debug] [2021-09-21T13:01:44.754Z] [runtime-status] [46464] Ephemeral server handling OPTIONS request {"metadata":{"emulator":{"name":"functions"},"function":{"name":"us-central1-createRoom"},"message":"[runtime-status] [46464] Ephemeral server handling OPTIONS request"}}
[debug] [2021-09-21T13:01:44.756Z] [runtime-status] [46464] Ephemeral server survived. {"metadata":{"emulator":{"name":"functions"},"function":{"name":"us-central1-createRoom"},"message":"[runtime-status] [46464] Ephemeral server survived."}}
[debug] [2021-09-21T13:01:44.757Z] [work-queue] {"queueLength":1,"workRunningCount":1}
[debug] [2021-09-21T13:01:44.757Z] [work-queue] {"queueLength":0,"workRunningCount":2}
[debug] [2021-09-21T13:01:44.757Z] Accepted request POST /mindr-dev/us-central1/createRoom --> us-central1-createRoom
[debug] [2021-09-21T13:01:44.757Z] [worker-pool] submitWork(triggerId=us-central1-createRoom) {"metadata":{"emulator":{"name":"functions"},"message":"[worker-pool] submitWork(triggerId=us-central1-createRoom)"}}
[debug] [2021-09-21T13:01:44.758Z] [worker-us-central1-createRoom-693cee8b-7e64-46a4-850c-00bd20b160e6]: Assigning socketPath: /var/folders/d9/s49t7j014hxfprxzqhtcx88m0000gn/T/fire_emu_46465.sock {"metadata":{"emulator":{"name":"functions"},"message":"[worker-us-central1-createRoom-693cee8b-7e64-46a4-850c-00bd20b160e6]: Assigning socketPath: /var/folders/d9/s49t7j014hxfprxzqhtcx88m0000gn/T/fire_emu_46465.sock"}}
[debug] [2021-09-21T13:01:44.758Z] [worker-us-central1-createRoom-693cee8b-7e64-46a4-850c-00bd20b160e6]: BUSY {"metadata":{"emulator":{"name":"functions"},"message":"[worker-us-central1-createRoom-693cee8b-7e64-46a4-850c-00bd20b160e6]: BUSY"}}
[info] i  functions: Finished "us-central1-createRoom" in ~1s {"metadata":{"emulator":{"name":"functions"},"function":{"name":"us-central1-createRoom"},"message":"Finished \"us-central1-createRoom\" in ~1s"}}
[debug] [2021-09-21T13:01:44.759Z] [worker-us-central1-createRoom-cdcaadc5-d034-47ba-b1ce-88ad14b8b90a]: IDLE {"metadata":{"emulator":{"name":"functions"},"message":"[worker-us-central1-createRoom-cdcaadc5-d034-47ba-b1ce-88ad14b8b90a]: IDLE"}}
[debug] [2021-09-21T13:01:44.760Z] [work-queue] {"queueLength":0,"workRunningCount":1}
[debug] [2021-09-21T13:01:44.760Z] [runtime-status] [46465] Trigger "us-central1-createRoom" has been found, beginning invocation! {"metadata":{"emulator":{"name":"functions"},"function":{"name":"us-central1-createRoom"},"message":"[runtime-status] [46465] Trigger \"us-central1-createRoom\" has been found, beginning invocation!"}}
[info] i  functions: Beginning execution of "us-central1-createRoom" {"metadata":{"emulator":{"name":"functions"},"function":{"name":"us-central1-createRoom"},"message":"Beginning execution of \"us-central1-createRoom\""}}
[debug] [2021-09-21T13:01:44.760Z] [runtime-status] [46465] triggerDefinition {"labels":{"deployment-callable":"true"},"httpsTrigger":{},"name":"createRoom","entryPoint":"createRoom","regions":["us-central1"],"region":"us-central1","id":"us-central1-createRoom"} {"metadata":{"emulator":{"name":"functions"},"function":{"name":"us-central1-createRoom"},"message":"[runtime-status] [46465] triggerDefinition {\"labels\":{\"deployment-callable\":\"true\"},\"httpsTrigger\":{},\"name\":\"createRoom\",\"entryPoint\":\"createRoom\",\"regions\":[\"us-central1\"],\"region\":\"us-central1\",\"id\":\"us-central1-createRoom\"}"}}
[debug] [2021-09-21T13:01:44.760Z] [runtime-status] [46465] Running us-central1-createRoom in mode HTTPS {"metadata":{"emulator":{"name":"functions"},"function":{"name":"us-central1-createRoom"},"message":"[runtime-status] [46465] Running us-central1-createRoom in mode HTTPS"}}
[debug] [2021-09-21T13:01:44.766Z] [runtime-status] [46465] Attempting to listen to socketPath: /var/folders/d9/s49t7j014hxfprxzqhtcx88m0000gn/T/fire_emu_46465.sock {"metadata":{"emulator":{"name":"functions"},"function":{"name":"us-central1-createRoom"},"message":"[runtime-status] [46465] Attempting to listen to socketPath: /var/folders/d9/s49t7j014hxfprxzqhtcx88m0000gn/T/fire_emu_46465.sock"}}
[debug] [2021-09-21T13:01:44.767Z] [functions] Runtime ready! Sending request! {"metadata":{"emulator":{"name":"functions"},"message":"[functions] Runtime ready! Sending request!"}}
[debug] [2021-09-21T13:01:44.767Z] [functions] Got req.url=/mindr-dev/us-central1/createRoom, mapping to path=/ {"metadata":{"emulator":{"name":"functions"},"message":"[functions] Got req.url=/mindr-dev/us-central1/createRoom, mapping to path=/"}}
[debug] [2021-09-21T13:01:44.774Z] [runtime-status] [46465] Ephemeral server handling POST request {"metadata":{"emulator":{"name":"functions"},"function":{"name":"us-central1-createRoom"},"message":"[runtime-status] [46465] Ephemeral server handling POST request"}}
[info] >  {"verifications":{"app":"MISSING","auth":"MISSING"},"logging.googleapis.com/labels":{"firebase-log-type":"callable-request-verification"},"severity":"INFO","message":"Callable request verification passed"} {"user":{"verifications":{"app":"MISSING","auth":"MISSING"},"logging.googleapis.com/labels":{"firebase-log-type":"callable-request-verification"},"severity":"INFO","message":"Callable request verification passed"},"metadata":{"emulator":{"name":"functions"},"function":{"name":"us-central1-createRoom"},"message":"\u001b[90m> \u001b[39m {\"verifications\":{\"app\":\"MISSING\",\"auth\":\"MISSING\"},\"logging.googleapis.com/labels\":{\"firebase-log-type\":\"callable-request-verification\"},\"severity\":\"INFO\",\"message\":\"Callable request verification passed\"}"}}
[debug] [2021-09-21T13:01:44.776Z] [runtime-status] [46465] No callable functions auth found {"metadata":{"emulator":{"name":"functions"},"function":{"name":"us-central1-createRoom"},"message":"[runtime-status] [46465] No callable functions auth found"}}
[debug] [2021-09-21T13:01:44.853Z] [runtime-status] [46465] Ephemeral server survived. {"metadata":{"emulator":{"name":"functions"},"function":{"name":"us-central1-createRoom"},"message":"[runtime-status] [46465] Ephemeral server survived."}}
[info] i  functions: Finished "us-central1-createRoom" in ~1s {"metadata":{"emulator":{"name":"functions"},"function":{"name":"us-central1-createRoom"},"message":"Finished \"us-central1-createRoom\" in ~1s"}}
[debug] [2021-09-21T13:01:44.854Z] [worker-us-central1-createRoom-693cee8b-7e64-46a4-850c-00bd20b160e6]: IDLE {"metadata":{"emulator":{"name":"functions"},"message":"[worker-us-central1-createRoom-693cee8b-7e64-46a4-850c-00bd20b160e6]: IDLE"}}
[debug] [2021-09-21T13:01:44.854Z] [work-queue] {"queueLength":0,"workRunningCount":0}
[debug] [2021-09-21T13:01:46.475Z] Sep 21, 2021 11:01:46 PM io.gapi.emulators.netty.HttpVersionRoutingHandler channelRead
INFO: Detected non-HTTP/2 connection.
 {"metadata":{"emulator":{"name":"firestore"},"message":"Sep 21, 2021 11:01:46 PM io.gapi.emulators.netty.HttpVersionRoutingHandler channelRead\nINFO: Detected non-HTTP/2 connection.\n"}}
[debug] [2021-09-21T13:01:48.600Z] Sep 21, 2021 11:01:48 PM io.gapi.emulators.netty.HttpVersionRoutingHandler channelRead
INFO: Detected non-HTTP/2 connection.
 {"metadata":{"emulator":{"name":"firestore"},"message":"Sep 21, 2021 11:01:48 PM io.gapi.emulators.netty.HttpVersionRoutingHandler channelRead\nINFO: Detected non-HTTP/2 connection.\n"}}
[debug] [2021-09-21T13:01:50.639Z] Sep 21, 2021 11:01:50 PM io.gapi.emulators.netty.HttpVersionRoutingHandler channelRead
INFO: Detected non-HTTP/2 connection.
 {"metadata":{"emulator":{"name":"firestore"},"message":"Sep 21, 2021 11:01:50 PM io.gapi.emulators.netty.HttpVersionRoutingHandler channelRead\nINFO: Detected non-HTTP/2 connection.\n"}}
[debug] [2021-09-21T13:01:52.695Z] Sep 21, 2021 11:01:52 PM io.gapi.emulators.netty.HttpVersionRoutingHandler channelRead
INFO: Detected non-HTTP/2 connection.
 {"metadata":{"emulator":{"name":"firestore"},"message":"Sep 21, 2021 11:01:52 PM io.gapi.emulators.netty.HttpVersionRoutingHandler channelRead\nINFO: Detected non-HTTP/2 connection.\n"}}
[debug] [2021-09-21T13:01:54.757Z] Sep 21, 2021 11:01:54 PM io.gapi.emulators.netty.HttpVersionRoutingHandler channelRead
INFO: Detected non-HTTP/2 connection.
 {"metadata":{"emulator":{"name":"firestore"},"message":"Sep 21, 2021 11:01:54 PM io.gapi.emulators.netty.HttpVersionRoutingHandler channelRead\nINFO: Detected non-HTTP/2 connection.\n"}}
[debug] [2021-09-21T13:01:56.808Z] Sep 21, 2021 11:01:56 PM io.gapi.emulators.netty.HttpVersionRoutingHandler channelRead
INFO: Detected non-HTTP/2 connection.
 {"metadata":{"emulator":{"name":"firestore"},"message":"Sep 21, 2021 11:01:56 PM io.gapi.emulators.netty.HttpVersionRoutingHandler channelRead\nINFO: Detected non-HTTP/2 connection.\n"}}
[debug] [2021-09-21T13:01:58.852Z] Sep 21, 2021 11:01:58 PM io.gapi.emulators.netty.HttpVersionRoutingHandler channelRead
INFO: Detected non-HTTP/2 connection.
 {"metadata":{"emulator":{"name":"firestore"},"message":"Sep 21, 2021 11:01:58 PM io.gapi.emulators.netty.HttpVersionRoutingHandler channelRead\nINFO: Detected non-HTTP/2 connection.\n"}}
[debug] [2021-09-21T13:01:59.898Z] Sep 21, 2021 11:01:59 PM com.google.cloud.datastore.emulator.firestore.websocket.WebSocketChannelHandler channelClosed
INFO: Websocket client disconnected
 {"metadata":{"emulator":{"name":"firestore"},"message":"Sep 21, 2021 11:01:59 PM com.google.cloud.datastore.emulator.firestore.websocket.WebSocketChannelHandler channelClosed\nINFO: Websocket client disconnected\n"}}
[debug] [2021-09-21T13:02:00.467Z] Sep 21, 2021 11:02:00 PM com.google.cloud.datastore.emulator.firestore.websocket.WebSocketChannelHandler initChannel
INFO: Connected to new websocket client
 {"metadata":{"emulator":{"name":"firestore"},"message":"Sep 21, 2021 11:02:00 PM com.google.cloud.datastore.emulator.firestore.websocket.WebSocketChannelHandler initChannel\nINFO: Connected to new websocket client\n"}}
[debug] [2021-09-21T13:02:00.765Z] 23:02:00.760 [NamespaceSystem-akka.actor.default-dispatcher-22] INFO akka.actor.LocalActorRef - Message [com.firebase.core.namespace.client.TaggedDataPush] to Actor[akka://NamespaceSystem/user/mindr-dev-default-rtdb/$j#1793412922] was not delivered. [1] dead letters encountered. If this is not an expected behavior then Actor[akka://NamespaceSystem/user/mindr-dev-default-rtdb/$j#1793412922] may have terminated unexpectedly. This logging can be turned off or adjusted with configuration settings 'akka.log-dead-letters' and 'akka.log-dead-letters-during-shutdown'.
 {"metadata":{"emulator":{"name":"database"},"message":"23:02:00.760 [NamespaceSystem-akka.actor.default-dispatcher-22] INFO akka.actor.LocalActorRef - Message [com.firebase.core.namespace.client.TaggedDataPush] to Actor[akka://NamespaceSystem/user/mindr-dev-default-rtdb/$j#1793412922] was not delivered. [1] dead letters encountered. If this is not an expected behavior then Actor[akka://NamespaceSystem/user/mindr-dev-default-rtdb/$j#1793412922] may have terminated unexpectedly. This logging can be turned off or adjusted with configuration settings 'akka.log-dead-letters' and 'akka.log-dead-letters-during-shutdown'.\n"}}
[debug] [2021-09-21T13:02:00.767Z] 23:02:00.766 [NamespaceSystem-akka.actor.default-dispatcher-22] INFO akka.actor.LocalActorRef - Message [com.firebase.core.namespace.client.DataPush] to Actor[akka://NamespaceSystem/user/mindr-dev-default-rtdb/$d#953829543] was not delivered. [2] dead letters encountered. If this is not an expected behavior then Actor[akka://NamespaceSystem/user/mindr-dev-default-rtdb/$d#953829543] may have terminated unexpectedly. This logging can be turned off or adjusted with configuration settings 'akka.log-dead-letters' and 'akka.log-dead-letters-during-shutdown'.
23:02:00.766 [NamespaceSystem-akka.actor.default-dispatcher-22] INFO akka.actor.LocalActorRef - Message [com.firebase.core.namespace.client.TaggedDataPush] to Actor[akka://NamespaceSystem/user/mindr-dev-default-rtdb/$j#1793412922] was not delivered. [3] dead letters encountered. If this is not an expected behavior then Actor[akka://NamespaceSystem/user/mindr-dev-default-rtdb/$j#1793412922] may have terminated unexpectedly. This logging can be turned off or adjusted with configuration settings 'akka.log-dead-letters' and 'akka.log-dead-letters-during-shutdown'.
23:02:00.766 [NamespaceSystem-akka.actor.default-dispatcher-22] INFO akka.actor.LocalActorRef - Message [com.firebase.core.namespace.client.TaggedDataPush] to Actor[akka://NamespaceSystem/user/mindr-dev-default-rtdb/$j#1793412922] was not delivered. [4] dead letters encountered. If this is not an expected behavior then Actor[akka://NamespaceSystem/user/mindr-dev-default-rtdb/$j#1793412922] may have terminated unexpectedly. This logging can be turned off or adjusted with configuration settings 'akka.log-dead-letters' and 'akka.log-dead-letters-during-shutdown'.
23:02:00.766 [NamespaceSystem-akka.actor.default-dispatcher-22] INFO akka.actor.LocalActorRef - Message [com.firebase.core.namespace.client.TaggedDataPush] to Actor[akka://NamespaceSystem/user/mindr-dev-default-rtdb/$j#1793412922] was not delivered. [5] dead letters encountered. If this is not an expected behavior then Actor[akka://NamespaceSystem/user/mindr-dev-default-rtdb/$j#1793412922] may have terminated unexpectedly. This logging can be turned off or adjusted with configuration settings 'akka.log-dead-letters' and 'akka.log-dead-letters-during-shutdown'.
 {"metadata":{"emulator":{"name":"database"},"message":"23:02:00.766 [NamespaceSystem-akka.actor.default-dispatcher-22] INFO akka.actor.LocalActorRef - Message [com.firebase.core.namespace.client.DataPush] to Actor[akka://NamespaceSystem/user/mindr-dev-default-rtdb/$d#953829543] was not delivered. [2] dead letters encountered. If this is not an expected behavior then Actor[akka://NamespaceSystem/user/mindr-dev-default-rtdb/$d#953829543] may have terminated unexpectedly. This logging can be turned off or adjusted with configuration settings 'akka.log-dead-letters' and 'akka.log-dead-letters-during-shutdown'.\n23:02:00.766 [NamespaceSystem-akka.actor.default-dispatcher-22] INFO akka.actor.LocalActorRef - Message [com.firebase.core.namespace.client.TaggedDataPush] to Actor[akka://NamespaceSystem/user/mindr-dev-default-rtdb/$j#1793412922] was not delivered. [3] dead letters encountered. If this is not an expected behavior then Actor[akka://NamespaceSystem/user/mindr-dev-default-rtdb/$j#1793412922] may have terminated unexpectedly. This logging can be turned off or adjusted with configuration settings 'akka.log-dead-letters' and 'akka.log-dead-letters-during-shutdown'.\n23:02:00.766 [NamespaceSystem-akka.actor.default-dispatcher-22] INFO akka.actor.LocalActorRef - Message [com.firebase.core.namespace.client.TaggedDataPush] to Actor[akka://NamespaceSystem/user/mindr-dev-default-rtdb/$j#1793412922] was not delivered. [4] dead letters encountered. If this is not an expected behavior then Actor[akka://NamespaceSystem/user/mindr-dev-default-rtdb/$j#1793412922] may have terminated unexpectedly. This logging can be turned off or adjusted with configuration settings 'akka.log-dead-letters' and 'akka.log-dead-letters-during-shutdown'.\n23:02:00.766 [NamespaceSystem-akka.actor.default-dispatcher-22] INFO akka.actor.LocalActorRef - Message [com.firebase.core.namespace.client.TaggedDataPush] to Actor[akka://NamespaceSystem/user/mindr-dev-default-rtdb/$j#1793412922] was not delivered. [5] dead letters encountered. If this is not an expected behavior then Actor[akka://NamespaceSystem/user/mindr-dev-default-rtdb/$j#1793412922] may have terminated unexpectedly. This logging can be turned off or adjusted with configuration settings 'akka.log-dead-letters' and 'akka.log-dead-letters-during-shutdown'.\n"}}
[debug] [2021-09-21T13:02:00.768Z] 23:02:00.767 [NamespaceSystem-akka.actor.default-dispatcher-22] INFO akka.actor.LocalActorRef - Message [com.firebase.core.namespace.client.TaggedDataPush] to Actor[akka://NamespaceSystem/user/mindr-dev-default-rtdb/$j#1793412922] was not delivered. [6] dead letters encountered. If this is not an expected behavior then Actor[akka://NamespaceSystem/user/mindr-dev-default-rtdb/$j#1793412922] may have terminated unexpectedly. This logging can be turned off or adjusted with configuration settings 'akka.log-dead-letters' and 'akka.log-dead-letters-during-shutdown'.
23:02:00.767 [NamespaceSystem-akka.actor.default-dispatcher-22] INFO akka.actor.LocalActorRef - Message [com.firebase.core.namespace.client.DataPush] to Actor[akka://NamespaceSystem/user/mindr-dev-default-rtdb/$j#1793412922] was not delivered. [7] dead letters encountered. If this is not an expected behavior then Actor[akka://NamespaceSystem/user/mindr-dev-default-rtdb/$j#1793412922] may have terminated unexpectedly. This logging can be turned off or adjusted with configuration settings 'akka.log-dead-letters' and 'akka.log-dead-letters-during-shutdown'.
23:02:00.767 [NamespaceSystem-akka.actor.default-dispatcher-22] INFO akka.actor.LocalActorRef - Message [com.firebase.core.namespace.client.DataPush] to Actor[akka://NamespaceSystem/user/mindr-dev-default-rtdb/$j#1793412922] was not delivered. [8] dead letters encountered. If this is not an expected behavior then Actor[akka://NamespaceSystem/user/mindr-dev-default-rtdb/$j#1793412922] may have terminated unexpectedly. This logging can be turned off or adjusted with configuration settings 'akka.log-dead-letters' and 'akka.log-dead-letters-during-shutdown'.
 {"metadata":{"emulator":{"name":"database"},"message":"23:02:00.767 [NamespaceSystem-akka.actor.default-dispatcher-22] INFO akka.actor.LocalActorRef - Message [com.firebase.core.namespace.client.TaggedDataPush] to Actor[akka://NamespaceSystem/user/mindr-dev-default-rtdb/$j#1793412922] was not delivered. [6] dead letters encountered. If this is not an expected behavior then Actor[akka://NamespaceSystem/user/mindr-dev-default-rtdb/$j#1793412922] may have terminated unexpectedly. This logging can be turned off or adjusted with configuration settings 'akka.log-dead-letters' and 'akka.log-dead-letters-during-shutdown'.\n23:02:00.767 [NamespaceSystem-akka.actor.default-dispatcher-22] INFO akka.actor.LocalActorRef - Message [com.firebase.core.namespace.client.DataPush] to Actor[akka://NamespaceSystem/user/mindr-dev-default-rtdb/$j#1793412922] was not delivered. [7] dead letters encountered. If this is not an expected behavior then Actor[akka://NamespaceSystem/user/mindr-dev-default-rtdb/$j#1793412922] may have terminated unexpectedly. This logging can be turned off or adjusted with configuration settings 'akka.log-dead-letters' and 'akka.log-dead-letters-during-shutdown'.\n23:02:00.767 [NamespaceSystem-akka.actor.default-dispatcher-22] INFO akka.actor.LocalActorRef - Message [com.firebase.core.namespace.client.DataPush] to Actor[akka://NamespaceSystem/user/mindr-dev-default-rtdb/$j#1793412922] was not delivered. [8] dead letters encountered. If this is not an expected behavior then Actor[akka://NamespaceSystem/user/mindr-dev-default-rtdb/$j#1793412922] may have terminated unexpectedly. This logging can be turned off or adjusted with configuration settings 'akka.log-dead-letters' and 'akka.log-dead-letters-during-shutdown'.\n"}}
[debug] [2021-09-21T13:02:00.770Z] 23:02:00.768 [NamespaceSystem-akka.actor.default-dispatcher-22] INFO akka.actor.LocalActorRef - Message [com.firebase.core.namespace.client.DataPush] to Actor[akka://NamespaceSystem/user/mindr-dev-default-rtdb/$j#1793412922] was not delivered. [9] dead letters encountered. If this is not an expected behavior then Actor[akka://NamespaceSystem/user/mindr-dev-default-rtdb/$j#1793412922] may have terminated unexpectedly. This logging can be turned off or adjusted with configuration settings 'akka.log-dead-letters' and 'akka.log-dead-letters-during-shutdown'.
23:02:00.770 [NamespaceSystem-akka.actor.default-dispatcher-22] INFO akka.actor.DeadLetterActorRef - Message [com.firebase.core.namespace.TooManyRequestsWithDelay] from Actor[akka://NamespaceSystem/user/$a#2039024784] to Actor[akka://NamespaceSystem/deadLetters] was not delivered. [10] dead letters encountered, no more dead letters will be logged in next [5.000 min]. If this is not an expected behavior then Actor[akka://NamespaceSystem/deadLetters] may have terminated unexpectedly. This logging can be turned off or adjusted with configuration settings 'akka.log-dead-letters' and 'akka.log-dead-letters-during-shutdown'.
 {"metadata":{"emulator":{"name":"database"},"message":"23:02:00.768 [NamespaceSystem-akka.actor.default-dispatcher-22] INFO akka.actor.LocalActorRef - Message [com.firebase.core.namespace.client.DataPush] to Actor[akka://NamespaceSystem/user/mindr-dev-default-rtdb/$j#1793412922] was not delivered. [9] dead letters encountered. If this is not an expected behavior then Actor[akka://NamespaceSystem/user/mindr-dev-default-rtdb/$j#1793412922] may have terminated unexpectedly. This logging can be turned off or adjusted with configuration settings 'akka.log-dead-letters' and 'akka.log-dead-letters-during-shutdown'.\n23:02:00.770 [NamespaceSystem-akka.actor.default-dispatcher-22] INFO akka.actor.DeadLetterActorRef - Message [com.firebase.core.namespace.TooManyRequestsWithDelay] from Actor[akka://NamespaceSystem/user/$a#2039024784] to Actor[akka://NamespaceSystem/deadLetters] was not delivered. [10] dead letters encountered, no more dead letters will be logged in next [5.000 min]. If this is not an expected behavior then Actor[akka://NamespaceSystem/deadLetters] may have terminated unexpectedly. This logging can be turned off or adjusted with configuration settings 'akka.log-dead-letters' and 'akka.log-dead-letters-during-shutdown'.\n"}}
[debug] [2021-09-21T13:02:09.115Z] Sep 21, 2021 11:02:09 PM io.gapi.emulators.netty.HttpVersionRoutingHandler channelRead
INFO: Detected non-HTTP/2 connection.
 {"metadata":{"emulator":{"name":"firestore"},"message":"Sep 21, 2021 11:02:09 PM io.gapi.emulators.netty.HttpVersionRoutingHandler channelRead\nINFO: Detected non-HTTP/2 connection.\n"}}
[debug] [2021-09-21T13:07:23.626Z] Received signal SIGHUP 1
[info]  
[info] i  emulators: Received SIGHUP for the first time. Starting a clean shutdown. 
[info] i  emulators: Please wait for a clean shutdown or send the SIGHUP signal again to stop right now. 
[info] i  emulators: Shutting down emulators. {"metadata":{"emulator":{"name":"hub"},"message":"Shutting down emulators."}}
[info] i  ui: Stopping Emulator UI {"metadata":{"emulator":{"name":"ui"},"message":"Stopping Emulator UI"}}
[warn] ⚠  Emulator UI has exited upon receiving signal: SIGINT 
[debug] [2021-09-21T13:07:23.710Z] Error: write EIO
    at afterWriteDispatched (internal/stream_base_commons.js:156:25)
    at writeGeneric (internal/stream_base_commons.js:147:3)
    at WriteStream.Socket._writeGeneric (net.js:787:11)
    at WriteStream.Socket._write (net.js:799:8)
    at writeOrBuffer (internal/streams/writable.js:358:12)
    at WriteStream.Writable.write (internal/streams/writable.js:303:10)
    at Console.log (/usr/local/lib/node_modules/firebase-tools/node_modules/winston/lib/winston/transports/console.js:79:23)
    at Console._write (/usr/local/lib/node_modules/firebase-tools/node_modules/winston-transport/index.js:103:17)
    at doWrite (/usr/local/lib/node_modules/firebase-tools/node_modules/winston-transport/node_modules/readable-stream/lib/_stream_writable.js:428:64)
    at writeOrBuffer (/usr/local/lib/node_modules/firebase-tools/node_modules/winston-transport/node_modules/readable-stream/lib/_stream_writable.js:417:5)
    at Console.Writable.write (/usr/local/lib/node_modules/firebase-tools/node_modules/winston-transport/node_modules/readable-stream/lib/_stream_writable.js:334:11)
    at DerivedLogger.ondata (/usr/local/lib/node_modules/firebase-tools/node_modules/readable-stream/lib/_stream_readable.js:681:20)
    at DerivedLogger.emit (events.js:387:35)
    at DerivedLogger.emit (domain.js:470:12)
    at addChunk (/usr/local/lib/node_modules/firebase-tools/node_modules/readable-stream/lib/_stream_readable.js:298:12)
    at readableAddChunk (/usr/local/lib/node_modules/firebase-tools/node_modules/readable-stream/lib/_stream_readable.js:280:11)
[error] 
[error] Error: An unexpected error has occurred.
[debug] [2021-09-21T13:07:23.714Z] [worker-~diagnostic~-a3719160-fda3-4ebd-a0a9-4344c9507920]: exited {"metadata":{"emulator":{"name":"functions"},"message":"[worker-~diagnostic~-a3719160-fda3-4ebd-a0a9-4344c9507920]: exited"}}
[debug] [2021-09-21T13:07:23.715Z] [worker-~diagnostic~-a3719160-fda3-4ebd-a0a9-4344c9507920]: FINISHED {"metadata":{"emulator":{"name":"functions"},"message":"[worker-~diagnostic~-a3719160-fda3-4ebd-a0a9-4344c9507920]: FINISHED"}}
[info] i  functions: Stopping Functions Emulator {"metadata":{"emulator":{"name":"functions"},"message":"Stopping Functions Emulator"}}
[info] i  database: Stopping Database Emulator {"metadata":{"emulator":{"name":"database"},"message":"Stopping Database Emulator"}}
[debug] [2021-09-21T13:07:23.723Z] [worker-us-central1-createRoom-cdcaadc5-d034-47ba-b1ce-88ad14b8b90a]: exited {"metadata":{"emulator":{"name":"functions"},"message":"[worker-us-central1-createRoom-cdcaadc5-d034-47ba-b1ce-88ad14b8b90a]: exited"}}
[debug] [2021-09-21T13:07:23.724Z] [worker-us-central1-createRoom-cdcaadc5-d034-47ba-b1ce-88ad14b8b90a]: FINISHED {"metadata":{"emulator":{"name":"functions"},"message":"[worker-us-central1-createRoom-cdcaadc5-d034-47ba-b1ce-88ad14b8b90a]: FINISHED"}}
[debug] [2021-09-21T13:07:23.724Z] [worker-us-central1-createRoom-693cee8b-7e64-46a4-850c-00bd20b160e6]: exited {"metadata":{"emulator":{"name":"functions"},"message":"[worker-us-central1-createRoom-693cee8b-7e64-46a4-850c-00bd20b160e6]: exited"}}
[debug] [2021-09-21T13:07:23.724Z] [worker-us-central1-createRoom-693cee8b-7e64-46a4-850c-00bd20b160e6]: FINISHED {"metadata":{"emulator":{"name":"functions"},"message":"[worker-us-central1-createRoom-693cee8b-7e64-46a4-850c-00bd20b160e6]: FINISHED"}}
[debug] [2021-09-21T13:07:23.724Z] Ignoring signal SIGHUP due to short delay of 98ms
[debug] [2021-09-21T13:07:23.755Z] 23:07:23.754 [Thread-1] INFO com.firebase.server.forge.App$ - Attempting graceful shutdown.
 {"metadata":{"emulator":{"name":"database"},"message":"23:07:23.754 [Thread-1] INFO com.firebase.server.forge.App$ - Attempting graceful shutdown.\n"}}
[debug] [2021-09-21T13:07:23.784Z] 23:07:23.783 [NamespaceSystem-akka.actor.default-dispatcher-34] INFO com.firebase.core.namespace.Terminator$Terminator - 2 actors left to terminate: mindr-dev, mindr-dev-default-rtdb
 {"metadata":{"emulator":{"name":"database"},"message":"23:07:23.783 [NamespaceSystem-akka.actor.default-dispatcher-34] INFO com.firebase.core.namespace.Terminator$Terminator - 2 actors left to terminate: mindr-dev, mindr-dev-default-rtdb\n"}}
[debug] [2021-09-21T13:07:23.795Z] 23:07:23.794 [NamespaceSystem-akka.actor.default-dispatcher-33] INFO com.firebase.core.namespace.NamespaceActor - Stopping namespace actor for mindr-dev-default-rtdb
23:07:23.794 [NamespaceSystem-akka.actor.default-dispatcher-39] INFO com.firebase.core.namespace.NamespaceActor - Stopping namespace actor for mindr-dev
 {"metadata":{"emulator":{"name":"database"},"message":"23:07:23.794 [NamespaceSystem-akka.actor.default-dispatcher-33] INFO com.firebase.core.namespace.NamespaceActor - Stopping namespace actor for mindr-dev-default-rtdb\n23:07:23.794 [NamespaceSystem-akka.actor.default-dispatcher-39] INFO com.firebase.core.namespace.NamespaceActor - Stopping namespace actor for mindr-dev\n"}}
[debug] [2021-09-21T13:07:23.798Z] 23:07:23.797 [NamespaceSystem-akka.actor.default-dispatcher-33] INFO com.firebase.core.namespace.NamespaceActor - Gauges removed for mindr-dev-default-rtdb
23:07:23.797 [NamespaceSystem-akka.actor.default-dispatcher-39] INFO com.firebase.core.namespace.NamespaceActor - Gauges removed for mindr-dev
 {"metadata":{"emulator":{"name":"database"},"message":"23:07:23.797 [NamespaceSystem-akka.actor.default-dispatcher-33] INFO com.firebase.core.namespace.NamespaceActor - Gauges removed for mindr-dev-default-rtdb\n23:07:23.797 [NamespaceSystem-akka.actor.default-dispatcher-39] INFO com.firebase.core.namespace.NamespaceActor - Gauges removed for mindr-dev\n"}}
[debug] [2021-09-21T13:07:23.808Z] 23:07:23.807 [Thread-1] INFO com.firebase.server.forge.App$ - Graceful shutdown complete.
 {"metadata":{"emulator":{"name":"database"},"message":"23:07:23.807 [Thread-1] INFO com.firebase.server.forge.App$ - Graceful shutdown complete.\n"}}
